
  ___  ____  ____  ____  ____ (R)
 /__    /   ____/   /   ____/
___/   /   /___/   /   /___/   16.1   Copyright 1985-2019 StataCorp LLC
  Statistics/Data analysis            StataCorp
                                      4905 Lakeway Drive
                                      College Station, Texas 77845 USA
                                      800-STATA-PC        https://www.stata.com
                                      979-696-4600        stata@stata.com
                                      979-696-4601 (fax)

Stata license: 4-user network perpetual
Serial number: 501606358866
  Licensed to: Michael Bates
               University of California, Riverside

Notes:
      1. Stata is running in batch mode.
      2. Unicode is supported; see help unicode_advice.
      3. New update available; type -update all-

. *  03c_gtrends_cleaning.do

. 
. 
. 
. clear all

. 
. 
. 
. * (1) HPCC cluster, and (2) personal machine: 

. 
. *cd "/bigdata/mbateslab/dford013/coding/02_TRAFFIC_BIAS_paper"

. 
. cd "~\coding\02_TRAFFIC_BIAS_paper\"
unable to change to ~\coding\02_TRAFFIC_BIAS_paper\
r(170);

. 
. 
. 
. *****************************************************************************
> ***

. 
. 
. 
. *log using "3000_code/03_cleaning/03_SMCL_logs/03c_gtrends_cleaning", smcl re
> place

. 
. 
. 
. * Converting Google Trend CSVs to DTAs:

. 
. * using Michael Brown (MB) as reference subject: 

. 
. filelist, dir("2000_data/100_original/30_gtrend_CSVs/1_subject_trends/monthly
> /CSV_MB") pat("*.csv") maxdeep(1)
Number of files found = 0

. 
. gen csv_path = dirname + "/" + filename

. 
. qui levelsof csv_path, local(toconvert)

. 
. drop dirname filename fsize csv_path

. 
. 
. 
. set obs 1 
number of observations (_N) was 0, now 1

. 
. gen date = . 
(1 missing value generated)

. 
. local j = 0

. 
. 
. 
. foreach file of local toconvert {
  2. 
. import delimited "`file'", varnames(3) rowrange(3:) clear
  3. 
. local save1 = subinstr("`file'", "100_original/30_gtrend_CSVs/1_subject_trend
> s/monthly/CSV_MB", "200_raw/30_gtrend_DTAs/1_subject_trends/monthly/DTA_MB/",
>  .)
  4. 
. local save2 = subinstr("`save1'", ".csv", "", .)
  5. 
. * (manually-removed ": (united states)" from all)
. 
. gen temp = monthly(month, "YM")
  6. 
. drop month 
  7. 
. rename temp month
  8. 
. format month %tm
  9. 
. * de-stringing <1 obs
. 
. foreach var of varlist _all {
 10. 
. rename `var' n_`var'
 11. 
. capture confirm string variable n_`var'
 12. 
. if _rc==7 continue
 13. 
. replace n_`var' = "0.5" if n_`var' == "<1"
 14. 
. destring n_`var', replace
 15. 
. }
 16. 
. rename n_month month
 17. 
. reshape long n_, i(month) j(name, string)
 18. 
. rename n_ monthly_name_trends_upper
 19. 
. gen upper_name_quad = `j'
 20. 
. local ++j
 21. 
. save "`save2'", replace
 22. 
. }

. 
. 
. 
. * Merging Google Trend DTAs together: 

. 
. filelist, dir("2000_data/200_raw/30_gtrend_DTAs/1_subject_trends/monthly/DTA_
> MB") pat("*.dta") maxdeep(1)
Number of files found = 0

. 
. gen dta_path = dirname + "/" + filename

. 
. qui levelsof dta_path, local(toappend)

. 
. drop dirname filename fsize dta_path

. 
. 
. 
. set obs 1 
number of observations (_N) was 0, now 1

. 
. gen month = .
(1 missing value generated)

. 
. format month %tm

. 
. 
. 
. foreach file of local toappend {
  2. 
. append using "`file'"
  3. 
. drop if month == .
  4. 
. }

. 
. 
. 
. bysort upper_name_quad: egen temp_denom = max(monthly_name_trends_upper) if n
> ame=="michaelbrown"
variable upper_name_quad not found
r(111);

. 
. bysort upper_name_quad: egen denom = max(temp_denom)
variable upper_name_quad not found
r(111);

. 
. bysort name upper_name_quad: egen num = max(monthly_name_trends_upper)
variable name not found
r(111);

. 
. gen upper_name_key = num / denom
num not found
r(111);

. 
. drop temp* num denom
variable temp* not found
r(111);

. 
. 
. 
. sort upper_name_quad name month
variable upper_name_quad not found
r(111);

. 
. 
. 
. * don't want repeats 

. 
. drop if (name=="michaelbrown") & (upper_name_quad!=0)
name not found
r(111);

. 
. 
. 
. save "2000_data/300_cleaning/30_gtrend/prep/MB_merged", replace
(note: file 2000_data/300_cleaning/30_gtrend/prep/MB_merged.dta not found)
file 2000_data/300_cleaning/30_gtrend/prep/MB_merged.dta could not be opened
r(603);

. 
. 
. 
. *****************************************************************************
> **********************

. 
. 
. 
. * using David Joseph (DJ) as reference subject: 

. 
. filelist, dir("2000_data/100_original/30_gtrend_CSVs/1_subject_trends/monthly
> /CSV_DJ") pat("*.csv") maxdeep(1)
Number of files found = 0

. 
. gen csv_path = dirname + "/" + filename

. 
. qui levelsof csv_path, local(toconvert)

. 
. drop dirname filename fsize csv_path

. 
. 
. 
. set obs 1
number of observations (_N) was 0, now 1

. 
. gen date = .
(1 missing value generated)

. 
. local j = 0

. 
. 
. 
. foreach file of local toconvert {
  2. 
. import delimited "`file'", varnames(3) rowrange(3:) clear
  3. 
. local save1 = subinstr("`file'", "100_original/30_gtrend_CSVs/1_subject_trend
> s/monthly/CSV_DJ/", "200_raw/30_gtrend_DTAs/1_subject_trends/monthly/DTA_DJ/"
> , .)
  4. 
. local save2 = subinstr("`save1'", ".csv", "", .)
  5. 
. * (manually-removed ": (united states)" from all)
. 
. gen temp = monthly(month, "YM")
  6. 
. drop month 
  7. 
. rename temp month
  8. 
. format month %tm
  9. 
. * de-stringing <1 obs
. 
. foreach var of varlist _all {
 10. 
. rename `var' n_`var'
 11. 
. capture confirm string variable n_`var'
 12. 
. if _rc==7 continue
 13. 
. replace n_`var' = "0.5" if n_`var' == "<1"
 14. 
. destring n_`var', replace
 15. 
. }
 16. 
. rename n_month month
 17. 
. reshape long n_, i(month) j(name, string)
 18. 
. rename n_ monthly_name_trends_lower
 19. 
. gen lower_name_quad = `j'
 20. 
. local ++j
 21. 
. save "`save2'", replace
 22. 
. }

. 
. 
. 
. * Merging Google Trend DTAs together: 

. 
. filelist, dir("2000_data/200_raw/30_gtrend_DTAs/1_subject_trends/monthly/DTA_
> DJ") pat("*.dta") maxdeep(1)
Number of files found = 0

. 
. gen dta_path = dirname + "/" + filename

. 
. qui levelsof dta_path, local(toappend2)

. 
. drop dirname filename fsize dta_path

. 
. 
. 
. set obs 1 
number of observations (_N) was 0, now 1

. 
. gen month = .
(1 missing value generated)

. 
. format month %tm

. 
. 
. 
. foreach file of local toappend2 {
  2. 
. append using "`file'"
  3. 
. drop if month == .
  4. 
. }

. 
. 
. 
. bysort lower_name_quad: egen temp_denom = max(monthly_name_trends_lower) if n
> ame=="davidjoseph"
variable lower_name_quad not found
r(111);

. 
. bysort lower_name_quad: egen denom = max(temp_denom)
variable lower_name_quad not found
r(111);

. 
. bysort name lower_name_quad: egen num = max(monthly_name_trends_lower) 
variable name not found
r(111);

. 
. gen lower_name_key = num / denom
num not found
r(111);

. 
. drop temp* num denom
variable temp* not found
r(111);

. 
. 
. 
. sort lower_name_quad name month
variable lower_name_quad not found
r(111);

. 
. 
. 
. * don't want repeats

. 
. drop if (name=="davidjoseph") & (lower_name_quad!=0)
name not found
r(111);

. 
. 
. 
. save "2000_data/300_cleaning/30_gtrend/prep/DJ_merged", replace
(note: file 2000_data/300_cleaning/30_gtrend/prep/DJ_merged.dta not found)
file 2000_data/300_cleaning/30_gtrend/prep/DJ_merged.dta could not be opened
r(603);

. 
. 
. 
. * merging (upper reference / michael brown) with (lower reference / david jos
> eph)

. 
. merge 1:1 name month using "2000_data/300_cleaning/30_gtrend/prep/MB_merged",
>  nogen
variable name not found
r(111);

. 
. 
. 
. save "2000_data/300_cleaning/30_gtrend/monthly_name_trends", replace
(note: file 2000_data/300_cleaning/30_gtrend/monthly_name_trends.dta not found)
file 2000_data/300_cleaning/30_gtrend/monthly_name_trends.dta could not be
    opened
r(603);

. 
. 
. 
. *****************************************************************************
> **********************

. 
. 
. 
. * using ferguson as reference department: 

. 
. filelist, dir("2000_data/100_original/30_gtrend_CSVs/2_dept_trends/monthly/CS
> V_ferguson") pat("*.csv") maxdeep(1)
Number of files found = 0

. 
. gen csv_path = dirname + "/" + filename

. 
. qui levelsof csv_path, local(toconvert)

. 
. drop dirname filename fsize csv_path

. 
. 
. 
. set obs 1
number of observations (_N) was 0, now 1

. 
. gen date = .
(1 missing value generated)

. 
. local j = 0

. 
. 
. 
. foreach file of local toconvert {
  2. 
. import delimited "`file'", varnames(3) rowrange(3:) clear
  3. 
. local save1 = subinstr("`file'", "100_original/30_gtrend_CSVs/2_dept_trends/m
> onthly/CSV_ferguson", "200_raw/30_gtrend_DTAs/2_dept_trends/monthly/DTA_fergu
> son", .)
  4. 
. local save2 = subinstr("`save1'", ".csv", "", .)
  5. 
. * (manually-removed ": (united states)" from all)
. 
. * (renamed "arizona department..." to "arizona dept" in 4)
. 
. * (and "maryland transportation..." to "maryland transp" in 8)
. 
. * (and "north carolina state highway..." to "north carolina state hwy" in 17)
> 
. 
. * (and "north carolina department..." to "north carolina DMV" in 18)
. 
. * (and "sikeston department..." to "sikeston dept" in 19)
. 
. gen temp = monthly(month, "YM")
  6. 
. drop month 
  7. 
. rename temp month
  8. 
. format month %tm
  9. 
. * de-stringing <1 obs
. 
. foreach var of varlist _all {
 10. 
. rename `var' n_`var'
 11. 
. capture confirm string variable n_`var'
 12. 
. if _rc==7 continue
 13. 
. replace n_`var' = "0.5" if n_`var' == "<1"
 14. 
. destring n_`var', replace
 15. 
. }
 16. 
. rename n_month month
 17. 
. reshape long n_, i(month) j(dept, string)
 18. 
. rename n_ monthly_dept_trends_upper
 19. 
. gen upper_dept_quad = `j'
 20. 
. local ++j
 21. 
. save "`save2'", replace
 22. 
. }

. 
. 
. 
. * Merging Google Trend DTAs together: 

. 
. filelist, dir("2000_data/200_raw/30_gtrend_DTAs/2_dept_trends/monthly/DTA_fer
> guson") pat("*.dta") maxdeep(1)
Number of files found = 0

. 
. gen dta_path = dirname + "/" + filename

. 
. qui levelsof dta_path, local(toappend1)

. 
. drop dirname filename fsize dta_path

. 
. 
. 
. set obs 1 
number of observations (_N) was 0, now 1

. 
. gen month = .
(1 missing value generated)

. 
. format month %tm

. 
. 
. 
. foreach file of local toappend1 {
  2. 
. append using "`file'"
  3. 
. drop if month == .
  4. 
. }

. 
. 
. 
. * with depts, I had issues with string length - shortened earlier (manually),
>  now restoring 

. 
. replace dept = "arizonadepartmentofpublicsafety" if (dept == "arizonadeptofpu
> blicsafety")
variable dept not found
r(111);

. 
. replace dept = "marylandtransportationauthoritypolice" if (dept == "marylandt
> ranspauthoritypolice")
variable dept not found
r(111);

. 
. replace dept = "northcarolinastatehighwaypatrol" if (dept == "northcarolinast
> atehwypatrol")
variable dept not found
r(111);

. 
. replace dept = "sikestondepartmentofpublicsafety" if (dept == "sikestondeptof
> publicsafety")
variable dept not found
r(111);

. 
. replace dept = "northcarolinadepartmentofmotorvehicles" if (dept == "northcar
> olinadmv")
variable dept not found
r(111);

. 
. 
. 
. bysort upper_dept_quad: egen temp_denom = max(monthly_dept_trends_upper) if d
> ept=="fergusonpolice"
variable upper_dept_quad not found
r(111);

. 
. bysort upper_dept_quad: egen denom = max(temp_denom)
variable upper_dept_quad not found
r(111);

. 
. bysort dept upper_dept_quad: egen num = max(monthly_dept_trends_upper)
variable dept not found
r(111);

. 
. gen upper_dept_key = num / denom
num not found
r(111);

. 
. drop temp* num denom
variable temp* not found
r(111);

. 
. 
. 
. sort upper_dept_quad dept month 
variable upper_dept_quad not found
r(111);

. 
. 
. 
. * don't want repeats

. 
. drop if (dept=="fergusonpolice") & (upper_dept_quad!=0)
dept not found
r(111);

. 
. 
. 
. save "2000_data/300_cleaning/30_gtrend/prep/ferguson_merged", replace
(note: file 2000_data/300_cleaning/30_gtrend/prep/ferguson_merged.dta not found
> )
file 2000_data/300_cleaning/30_gtrend/prep/ferguson_merged.dta could not be
    opened
r(603);

. 
. 
. 
. *****************************************************************************
> **********************

. 
. 
. 
. * using champaign as reference department: 

. 
. filelist, dir("2000_data/100_original/30_gtrend_CSVs/2_dept_trends/monthly/CS
> V_champaign") pat("*.csv") maxdeep(1)
Number of files found = 0

. 
. gen csv_path = dirname + "/" + filename

. 
. qui levelsof csv_path, local(toconvert)

. 
. drop dirname filename fsize csv_path

. 
. 
. 
. set obs 1
number of observations (_N) was 0, now 1

. 
. gen date = .
(1 missing value generated)

. 
. local j = 0

. 
. 
. 
. foreach file of local toconvert {
  2. 
. import delimited "`file'", varnames(3) rowrange(3:) clear
  3. 
. local save1 = subinstr("`file'", "100_original/30_gtrend_CSVs/2_dept_trends/m
> onthly/CSV_champaign/", "200_raw/30_gtrend_DTAs/2_dept_trends/monthly/DTA_cha
> mpaign/", .)
  4. 
. local save2 = subinstr("`save1'", ".csv", "", .)
  5. 
. * (manually-removed ": (united states)" from all)
. 
. * (renamed "arizona department..." to "arizona dept" in 4)
. 
. * (and "maryland transportation..." to "maryland transp" in 8)
. 
. * (and "north carolina state highway..." to "north carolina state hwy" in 17)
> 
. 
. * (and "north carolina department..." to "north carolina DMV" in 18)
. 
. * (and "sikeston department..." to "sikeston dept" in 19)
. 
. gen temp = monthly(month, "YM")
  6. 
. drop month 
  7. 
. rename temp month
  8. 
. format month %tm
  9. 
. * de-stringing <1 obs
. 
. foreach var of varlist _all {
 10. 
. rename `var' n_`var'
 11. 
. capture confirm string variable n_`var'
 12. 
. if _rc==7 continue
 13. 
. replace n_`var' = "0.5" if n_`var' == "<1"
 14. 
. destring n_`var', replace
 15. 
. }
 16. 
. rename n_month month
 17. 
. reshape long n_, i(month) j(dept, string)
 18. 
. rename n_ monthly_dept_trends_lower
 19. 
. gen lower_dept_quad = `j'
 20. 
. local ++j
 21. 
. save "`save2'", replace
 22. 
. }

. 
. 
. 
. * Merging Google Trend DTAs together: 

. 
. filelist, dir("2000_data/200_raw/30_gtrend_DTAs/2_dept_trends/monthly/DTA_cha
> mpaign") pat("*.dta") maxdeep(1)
Number of files found = 0

. 
. gen dta_path = dirname + "/" + filename

. 
. qui levelsof dta_path, local(toappend)

. 
. drop dirname filename fsize dta_path

. 
. 
. 
. set obs 1 
number of observations (_N) was 0, now 1

. 
. gen month = .
(1 missing value generated)

. 
. format month %tm

. 
. 
. 
. foreach file of local toappend {
  2. 
. append using "`file'"
  3. 
. drop if month == .
  4. 
. }

. 
. 
. 
. * same as above, manually shortened a few dept names, now restoring 

. 
. replace dept = "arizonadepartmentofpublicsafety" if (dept == "arizonadeptofpu
> blicsafety")
variable dept not found
r(111);

. 
. replace dept = "marylandtransportationauthoritypolice" if (dept == "marylandt
> ranspauthoritypolice")
variable dept not found
r(111);

. 
. replace dept = "northcarolinastatehighwaypatrol" if (dept == "northcarolinast
> atehwypatrol")
variable dept not found
r(111);

. 
. replace dept = "sikestondepartmentofpublicsafety" if (dept == "sikestondeptof
> publicsafety")
variable dept not found
r(111);

. 
. replace dept = "northcarolinadepartmentofmotorvehicles" if (dept == "northcar
> olinadmv")
variable dept not found
r(111);

. 
. 
. 
. bysort lower_dept_quad: egen temp_denom = max(monthly_dept_trends_lower) if d
> ept=="champaignpolice"
variable lower_dept_quad not found
r(111);

. 
. bysort lower_dept_quad: egen denom = max(temp_denom)
variable lower_dept_quad not found
r(111);

. 
. bysort dept lower_dept_quad: egen num = max(monthly_dept_trends_lower)
variable dept not found
r(111);

. 
. gen lower_dept_key = num / denom
num not found
r(111);

. 
. drop temp* num denom
variable temp* not found
r(111);

. 
. 
. 
. sort lower_dept_quad dept month
variable lower_dept_quad not found
r(111);

. 
. 
. 
. * don't want repeats

. 
. drop if (dept=="champaignpolice") & (lower_dept_quad!=0)
dept not found
r(111);

. 
. 
. 
. save "2000_data/300_cleaning/30_gtrend/prep/champaign_merged", replace
(note: file 2000_data/300_cleaning/30_gtrend/prep/champaign_merged.dta not foun
> d)
file 2000_data/300_cleaning/30_gtrend/prep/champaign_merged.dta could not be
    opened
r(603);

. 
. 
. 
. * merging (name upper / ferguson) with (name lower / champaign)

. 
. merge 1:1 dept month using "2000_data/300_cleaning/30_gtrend/prep/ferguson_me
> rged", nogen
variable dept not found
r(111);

. 
. 
. 
. save "2000_data/300_cleaning/30_gtrend/monthly_dept_trends", replace
(note: file 2000_data/300_cleaning/30_gtrend/monthly_dept_trends.dta not found)
file 2000_data/300_cleaning/30_gtrend/monthly_dept_trends.dta could not be
    opened
r(603);

. 
. 
. 
. *****************************************************************************
> **********************

. 
. 
. 
. filelist, dir("2000_data/100_original/30_gtrend_CSVs/1_subject_trends/daily/t
> ime_series") pat("*.csv") maxdeep(1)
Number of files found = 0

. 
. gen csv_path = dirname + "/" + filename

. 
. qui levelsof csv_path, local(toconvert)

. 
. drop dirname filename fsize csv_path

. 
. 
. 
. set obs 1
number of observations (_N) was 0, now 1

. 
. gen date = .
(1 missing value generated)

. 
. 
. 
. * Manually changed all individual named-based time series Gtrend files: 

. 
. * example: "davidfordunitedstates" --> "davidford"

. 
. * "rename "*unitedsta* *" worked on laptop but not cluster??

. 
. foreach file of local toconvert {
  2. 
. import delimited "`file'", varnames(3) rowrange(3:) clear
  3. 
. 
. 
. * this loop for trends without search data (too few): 
. 
. if (_N==0) {
  4. 
. set obs 270
  5. 
. gen fe_id = substr("`file'",74,5)
  6. 
. replace fe_id = subinstr(fe_id,"_","",.)
  7. 
. destring fe_id, replace
  8. 
. if (fe_id < 10000) {
  9. 
. gen temp = substr("`file'",79,5)
 10. 
. }
 11. 
. else {
 12. 
. gen temp = substr("`file'",80,5)
 13. 
. }
 14. 
. destring temp, replace
 15. 
. gen date = temp - 134 in 1
 16. 
. replace date = date[_n-1]+1 if (_n>1)
 17. 
. gen event = (date == temp)
 18. 
. format date %td
 19. 
. drop temp day
 20. 
. describe, varlist
 21. 
. local var3 : word 1 of `r(varlist)'
 22. 
. gen name = "`var3'"
 23. 
. rename `var3' daily_name_trends
 24. 
. order fe_id name date daily_name_trends
 25. 
. local save1 = subinstr("`file'", "100_original/30_gtrend_CSVs/1_subject_trend
> s/daily/time_series", "200_raw/30_gtrend_DTAs/1_subject_trends/daily/time_ser
> ies", .)
 26. 
. local save2 = subinstr("`save1'", ".csv", "", .)
 27. 
. if _rc==0 {
 28. 
. replace daily_name_trends = "0.5" if daily_name_trends == "<1"
 29. 
. destring daily_name_trends, replace
 30. 
. }
 31. 
. save "`save2'", replace
 32. 
. }
 33. 
. 
. 
. * this loop for trends that were non-blank:
. 
. else {
 34. 
. gen fe_id = substr("`file'",74,5)
 35. 
. replace fe_id = subinstr(fe_id,"_","",.)
 36. 
. destring fe_id, replace
 37. 
. if (fe_id < 10000) {
 38. 
. gen temp = substr("`file'",79,5)
 39. 
. }
 40. 
. else {
 41. 
. gen temp = substr("`file'",80,5)
 42. 
. }
 43. 
. destring temp, replace
 44. 
. gen date = daily(day,"MDY")
 45. 
. gen event = (date == temp)
 46. 
. format date %td
 47. 
. drop temp day
 48. 
. describe, varlist
 49. 
. local var3 : word 1 of `r(varlist)'
 50. 
. gen name = "`var3'"
 51. 
. rename `var3' daily_name_trends
 52. 
. order fe_id name date daily_name_trends
 53. 
. local save1 = subinstr("`file'", "100_original/30_gtrend_CSVs/1_subject_trend
> s/daily/time_series", "200_raw/30_gtrend_DTAs/1_subject_trends/daily/time_ser
> ies", .)
 54. 
. local save2 = subinstr("`save1'", ".csv", "", .)
 55. 
. capture confirm string variable daily_name_trends
 56. 
. if _rc==0 {
 57. 
. replace daily_name_trends = "0.5" if daily_name_trends == "<1"
 58. 
. destring daily_name_trends, replace
 59. 
. }
 60. 
. save "`save2'", replace
 61. 
. }
 62. 
. }

. 
. 
. 
. filelist, dir("2000_data/200_raw/30_gtrend_DTAs/1_subject_trends/daily/time_s
> eries") pat("*.dta") maxdeep(1)
Number of files found = 0

. 
. gen dta_path = dirname + "/" + filename

. 
. qui levelsof dta_path, local(toappend)

. 
. drop dirname filename fsize dta_path

. 
. 
. 
. set obs 1
number of observations (_N) was 0, now 1

. 
. gen date = .
(1 missing value generated)

. 
. format date %td

. 
. 
. 
. foreach file of local toappend {
  2. 
. append using "`file'"
  3. 
. drop if date == .
  4. 
. }

. 
. 
. 
. gen month = mofd(date)
(1 missing value generated)

. 
. format month %tm

. 
. 
. 
. sort fe_id date
variable fe_id not found
r(111);

. 
. 
. 
. save "2000_data/300_cleaning/30_gtrend/daily_name_trends", replace
(note: file 2000_data/300_cleaning/30_gtrend/daily_name_trends.dta not found)
file 2000_data/300_cleaning/30_gtrend/daily_name_trends.dta could not be
    opened
r(603);

. 
. 
. 
. *****************************************************************************
> **********************

. 
. 
. 
. filelist, dir("2000_data/100_original/30_gtrend_CSVs/2_dept_trends/daily/time
> _series") pat("*.csv") maxdeep(1)
Number of files found = 0

. 
. gen csv_path = dirname + "/" + filename

. 
. qui levelsof csv_path, local(toconvert)

. 
. drop dirname filename fsize csv_path

. 
. 
. 
. set obs 1
number of observations (_N) was 0, now 1

. 
. gen date = .
(1 missing value generated)

. 
. 
. 
. foreach file of local toconvert {
  2. 
. import delimited "`file'", varnames(3) rowrange(3:) clear
  3. 
. * (some trends had NO data, too few searches)
. 
. if (_N==0) {
  4. 
. set obs 270
  5. 
. gen fe_id = substr("`file'",71,5)
  6. 
. replace fe_id = subinstr(fe_id,"_","",.)
  7. 
. destring fe_id, replace
  8. 
. if (fe_id < 10000) {
  9. 
. gen temp = substr("`file'",76,5)
 10. 
. }
 11. 
. else {
 12. 
. gen temp = substr("`file'",77,5)
 13. 
. }
 14. 
. destring temp, replace
 15. 
. gen date = temp - 134 in 1
 16. 
. replace date = date[_n-1]+1 if (_n>1)
 17. 
. gen event = (date == temp)
 18. 
. format date %td
 19. 
. drop temp day
 20. 
. describe, varlist
 21. 
. local var3 : word 1 of `r(varlist)'
 22. 
. gen dept = "`var3'"
 23. 
. rename `var3' daily_dept_trends
 24. 
. order fe_id dept date daily_dept_trends
 25. 
. local save1 = subinstr("`file'", "100_original/30_gtrend_CSVs/2_dept_trends/d
> aily/time_series", "200_raw/30_gtrend_DTAs/2_dept_trends/daily/time_series", 
> .)
 26. 
. local save2 = subinstr("`save1'", ".csv", ".dta", .)
 27. 
. if _rc==0 {
 28. 
. replace daily_dept_trends = "0.5" if daily_dept_trends == "<1"
 29. 
. destring daily_dept_trends, replace
 30. 
. }
 31. 
. save "`save2'", replace
 32. 
. }
 33. 
. else {
 34. 
. gen fe_id = substr("`file'",71,5)
 35. 
. replace fe_id = subinstr(fe_id,"_","",.)
 36. 
. destring fe_id, replace
 37. 
. if (fe_id < 10000) {
 38. 
. gen temp = substr("`file'",76,5)
 39. 
. }
 40. 
. else {
 41. 
. gen temp = substr("`file'",77,5)
 42. 
. }
 43. 
. destring temp, replace
 44. 
. gen date = daily(day,"MDY")
 45. 
. gen event = (date == temp)
 46. 
. format date %td
 47. 
. drop temp day
 48. 
. describe, varlist
 49. 
. local var3 : word 1 of `r(varlist)'
 50. 
. gen dept = "`var3'"
 51. 
. rename `var3' daily_dept_trends
 52. 
. order fe_id dept date daily_dept_trends
 53. 
. local save1 = subinstr("`file'", "100_original/30_gtrend_CSVs/2_dept_trends/d
> aily/time_series", "200_raw/30_gtrend_DTAs/2_dept_trends/daily/time_series", 
> .)
 54. 
. local save2 = subinstr("`save1'", ".csv", ".dta", .)
 55. 
. capture confirm string variable daily_dept_trends
 56. 
. if _rc==0 {
 57. 
. replace daily_dept_trends = "0.5" if daily_dept_trends == "<1"
 58. 
. destring daily_dept_trends, replace
 59. 
. }
 60. 
. save "`save2'", replace
 61. 
. }
 62. 
. }

. 
. 
. 
. filelist, dir("2000_data/200_raw/30_gtrend_DTAs/2_dept_trends/daily/time_seri
> es") pat("*.dta") maxdeep(1)
Number of files found = 0

. 
. gen dta_path = dirname + "/" + filename

. 
. qui levelsof dta_path, local(toappend)

. 
. drop dirname filename fsize dta_path

. 
. 
. 
. set obs 1
number of observations (_N) was 0, now 1

. 
. gen date = .
(1 missing value generated)

. 
. format date %td

. 
. 
. 
. foreach file of local toappend {
  2. 
. append using "`file'"
  3. 
. drop if date == .
  4. 
. }

. 
. 
. 
. gen month = mofd(date)
(1 missing value generated)

. 
. format month %tm

. 
. 
. 
. sort fe_id date
variable fe_id not found
r(111);

. 
. 
. 
. * same as above, shortened before now restoring full dept names 

. 
. replace dept = "arizonadepartmentofpublicsafety" if (dept == "arizonadeptofpu
> blicsafety")
variable dept not found
r(111);

. 
. replace dept = "marylandtransportationauthoritypolice" if (dept == "marylandt
> ranspauthoritypolice")
variable dept not found
r(111);

. 
. replace dept = "northcarolinastatehighwaypatrol" if (dept == "northcarolinast
> atehwypatrol")
variable dept not found
r(111);

. 
. replace dept = "sikestondepartmentofpublicsafety" if (dept == "sikestondeptof
> publicsafety")
variable dept not found
r(111);

. 
. replace dept = "northcarolinadepartmentofmotorvehicles" if (dept == "northcar
> olinadmv")
variable dept not found
r(111);

. 
. 
. 
. save "2000_data/300_cleaning/30_gtrend/daily_dept_trends", replace
(note: file 2000_data/300_cleaning/30_gtrend/daily_dept_trends.dta not found)
file 2000_data/300_cleaning/30_gtrend/daily_dept_trends.dta could not be
    opened
r(603);

. 
. 
. 
. * this should merge ~perfectly~

. 
. merge 1:1 fe_id date using "2000_data/300_cleaning/30_gtrend/daily_name_trend
> s"
variable fe_id not found
r(111);

. 
. 
. 
. * (NOTE: daily_name_trends==. iff . for each date)

. 
. * (same for daily_dept_trends)

. 
. gen local_name_blank = (daily_name_trends==.)
daily_name_trends not found
r(111);

. 
. gen local_dept_blank = (daily_dept_trends==.)
daily_dept_trends not found
r(111);

. 
. replace daily_name_trends = 0 if (daily_name_trends==.)
variable daily_name_trends not found
r(111);

. 
. replace daily_dept_trends = 0 if (daily_dept_trends==.)
variable daily_dept_trends not found
r(111);

. 
. 
. 
. save "2000_data/400_base/30_gtrend/prep/daily_trends", replace
(note: file 2000_data/400_base/30_gtrend/prep/daily_trends.dta not found)
file 2000_data/400_base/30_gtrend/prep/daily_trends.dta could not be opened
r(603);

. 
. 
. 
. *****************************************************************************
> **********************

. 
. 
. 
. merge m:1 name month using "2000_data/300_cleaning/30_gtrend/monthly_name_tre
> nds", gen(monthly_name_merge)
variable name not found
r(111);

. 
. * matches for all daily-obs, only monthly-obs unmatched (as expected)

. 
. 
. 
. merge m:1 dept month using "2000_data/300_cleaning/30_gtrend/monthly_dept_tre
> nds", gen(monthly_dept_merge)
variable dept not found
r(111);

. 
. 
. 
. * this should merge ~as expected~ with three distinct groups: 

. 
. tab monthly_name_merge monthly_dept_merge
variable monthly_name_merge not found
r(111);

. 
. drop if date==.
(1 observation deleted)

. 
. tab monthly_name_merge monthly_dept_merge
variable monthly_name_merge not found
r(111);

. 
. 
. 
. * using relative weight to reference-term to scale the +/- 135-day trends com
> parably

. 
. gen gt_name_lower = daily_name_trends * lower_name_key
daily_name_trends not found
r(111);

. 
. gen gt_name_upper = daily_name_trends * upper_name_key
daily_name_trends not found
r(111);

. 
. gen gt_dept_lower = daily_dept_trends * lower_dept_key
daily_dept_trends not found
r(111);

. 
. gen gt_dept_upper = daily_dept_trends * upper_dept_key
daily_dept_trends not found
r(111);

. 
. 
. 
. gen temp_edate = date if event==1
event not found
r(111);

. 
. bysort fe_id: egen edate = max(temp_edate)
variable fe_id not found
r(111);

. 
. format edate %td
variable edate not found
r(111);

. 
. drop temp*
variable temp* not found
r(111);

. 
. 
. 
. sort fe_id date 
variable fe_id not found
r(111);

. 
. drop *_merge month *_quad monthly_* *_key daily_*_trends 
variable *_merge not found
r(111);

. 
. order fe_id date name gt_name_lower gt_name_upper dept gt_dept_lower gt_dept_
> upper event
variable fe_id not found
r(111);

. 
. 
. 
. gen post = date >= edate
edate not found
r(111);

. 
. 
. 
. * identifying pre-event mean, and post-event mean/peak:

. 
. foreach var in gt_name_lower gt_name_upper gt_dept_lower gt_dept_upper {
  2. 
. bysort fe_id: egen temp_pre_`var' = mean(`var') if (post==0)
  3. 
. bysort fe_id: egen temp_mean_`var' = mean(`var') if (post==1)
  4. 
. bysort fe_id: egen temp_post_`var' = max(`var') if (post==1)
  5. 
. bysort fe_id: egen pre_`var' = max(temp_pre_`var')
  6. 
. bysort fe_id: egen mean_`var' = max(temp_mean_`var')
  7. 
. bysort fe_id: egen post_`var' = max(temp_post_`var')
  8. 
. drop temp_*
  9. 
. }
variable fe_id not found
r(111);

. 
. 
. 
. * identifying post-mean - pre-mean, and post-peak - pre-mean: 

. 
. gen nl_postm = mean_gt_name_lower - pre_gt_name_lower 
mean_gt_name_lower not found
r(111);

. 
. gen nl_postp = post_gt_name_lower - pre_gt_name_lower 
post_gt_name_lower not found
r(111);

. 
. gen nu_postm = mean_gt_name_upper - pre_gt_name_upper
mean_gt_name_upper not found
r(111);

. 
. gen nu_postp = post_gt_name_upper - pre_gt_name_upper
post_gt_name_upper not found
r(111);

. 
. gen dl_postm = mean_gt_dept_lower - pre_gt_dept_lower
mean_gt_dept_lower not found
r(111);

. 
. gen dl_postp = post_gt_dept_lower - pre_gt_dept_lower
post_gt_dept_lower not found
r(111);

. 
. gen du_postm = mean_gt_dept_upper - pre_gt_dept_upper
mean_gt_dept_upper not found
r(111);

. 
. gen du_postp = post_gt_dept_upper - pre_gt_dept_upper
post_gt_dept_upper not found
r(111);

. 
. drop name dept event gt_* pre* mean* post*
variable name not found
r(111);

. 
. 
. 
. * correlations between (lower vs upper), (name vs dept), and (mean vs peak):

. 
. corr nl_* nu_*
variable nl_* not found
r(111);

. 
. corr dl_* du_*
variable dl_* not found
r(111);

. 
. corr nl* dl*
variable nl* not found
r(111);

. 
. corr nu* du*
variable nu* not found
r(111);

. 
. corr *_postm *_postp
variable *_postm not found
r(111);

. 
. 
. 
. * converting above absolute-measurements into above/below median identifiers:
>  

. 
. 
. 
. xtile scr_nl_postm = nl_postm, nq(2)
nl_postm not found
r(111);

. 
. xtile scr_nl_postp = nl_postp, nq(2)
nl_postp not found
r(111);

. 
. xtile scr_nu_postm = nu_postm, nq(2)
nu_postm not found
r(111);

. 
. xtile scr_nu_postp = nu_postp, nq(2)
nu_postp not found
r(111);

. 
. xtile scr_dl_postm = dl_postm, nq(2)
dl_postm not found
r(111);

. 
. xtile scr_dl_postp = dl_postp, nq(2)
dl_postp not found
r(111);

. 
. xtile scr_du_postm = du_postm, nq(2)
du_postm not found
r(111);

. 
. xtile scr_du_postp = du_postp, nq(2)
du_postp not found
r(111);

. 
. 
. 
. *foreach scr in nl_postm nl_postp dl_postm dl_postp {

. 
. *twoway (scatter `scr' date if (scr_`scr'==1)) || (scatter `scr' date if (scr
> _`scr'==2)), leg(off) name("scr_`scr'", replace)

. 
. *}

. 
. 
. 
. gen n_scr = scr_nl_postm 
scr_nl_postm not found
r(111);

. 
. gen d_scr = scr_dl_postm
scr_dl_postm not found
r(111);

. 
. gen or_scr = 1

. 
. replace or_scr = 2 if (scr_nl_postm==2) | (scr_dl_postm==2)
scr_nl_postm not found
r(111);

. 
. gen and_scr = 1

. 
. replace and_scr = (scr_nl_postm==2) & (scr_dl_postm==2)
scr_nl_postm not found
r(111);

. 
. 
. 
. *** BASED ON ABOVE, USE n_scr=(scr_nl_postm) and d_scr=(scr_dl_postm) ***

. 
. 
. 
. *** how to combine them? 

. 
. 
. 
. * dropping the absolute-measurements, currently only using above/below median
> :

. 
. *drop nl_post* nu_post* dl_post* du_post*

. 
. 
. 
. * correlations between binary versions of the above: 

. 
. corr scr_nl_* scr_nu_*
variable scr_nl_* not found
r(111);

. 
. corr scr_dl_* scr_du_*
variable scr_dl_* not found
r(111);

. 
. corr scr_nl_* scr_dl_*
variable scr_nl_* not found
r(111);

. 
. corr scr_nu_* scr_du_*
variable scr_nu_* not found
r(111);

. 
. corr scr_*_postm scr_*_postp
variable scr_*_postm not found
r(111);

. 
. 
. 
. * tabulating lowers vs uppers:

. 
. tab scr_nl_postm scr_nu_postm
variable scr_nl_postm not found
r(111);

. 
. tab scr_nl_postp scr_nu_postp
variable scr_nl_postp not found
r(111);

. 
. tab scr_dl_postm scr_du_postm
variable scr_dl_postm not found
r(111);

. 
. tab scr_dl_postp scr_du_postp
variable scr_dl_postp not found
r(111);

. 
. 
. 
. * tabulating names vs depts: 

. 
. tab scr_nl_postm scr_dl_postm
variable scr_nl_postm not found
r(111);

. 
. tab scr_nl_postp scr_dl_postp
variable scr_nl_postp not found
r(111);

. 
. tab scr_nu_postm scr_du_postm
variable scr_nu_postm not found
r(111);

. 
. tab scr_nu_postp scr_du_postp
variable scr_nu_postp not found
r(111);

. 
. 
. 
. * tabulating post-means vs post-peaks: 

. 
. tab scr_nl_postm scr_nl_postp
variable scr_nl_postm not found
r(111);

. 
. tab scr_nu_postm scr_nu_postp
variable scr_nu_postm not found
r(111);

. 
. tab scr_dl_postm scr_dl_postp
variable scr_dl_postm not found
r(111);

. 
. tab scr*du_postm scr*du_postp
variable scr*du_postm not found
r(111);

. 
. 
. 
. display "string variables:"
string variables:

. 
. ds, has(type string) var(32)

. 
. display ""


. 
. display "non-string variables:"
non-string variables:

. 
. ds, not(type string) var(32)
date     month    or_scr   and_scr

. 
. 
. 
. save "2000_data/400_base/30_gtrend/google_trends", replace
(note: dataset contains 0 observations)
(note: file 2000_data/400_base/30_gtrend/google_trends.dta not found)
file 2000_data/400_base/30_gtrend/google_trends.dta could not be opened
r(603);

. 
. 
. 
. * Dates for consideration: 

. 
. * 01Jan2011 = 18628, 31Dec2020 = 22280

. 
. 
. 
. log close
no log file open
r(606);

. 
. 