
  ___  ____  ____  ____  ____ (R)
 /__    /   ____/   /   ____/
___/   /   /___/   /   /___/   16.1   Copyright 1985-2019 StataCorp LLC
  Statistics/Data analysis            StataCorp
                                      4905 Lakeway Drive
                                      College Station, Texas 77845 USA
                                      800-STATA-PC        https://www.stata.com
                                      979-696-4600        stata@stata.com
                                      979-696-4601 (fax)

Stata license: 4-user network perpetual
Serial number: 501606358866
  Licensed to: Michael Bates
               University of California, Riverside

Notes:
      1. Stata is running in batch mode.
      2. Unicode is supported; see help unicode_advice.
      3. New update available; type -update all-

. * 04a_pre_etime_id.do

. 
. 
. 
. clear all

. 
. 
. 
. * (1) HPCC cluster, and (2) personal machine: 

. 
. cd "/bigdata/mbateslab/dford013/coding/02_TRAFFIC_BIAS_paper"
/bigdata/mbateslab/dford013/coding/02_TRAFFIC_BIAS_paper

. 
. *cd "~\coding\02_TRAFFIC_BIAS_paper\"

. 
. 
. 
. *****************************************************************************
> ***

. 
. 
. 
. log using "1000_notes/200_smcl_logs/04_merge/04a_pre_etime_id", smcl replace
-------------------------------------------------------------------------------
      name:  <unnamed>
       log:  /bigdata/mbateslab/dford013/coding/02_TRAFFIC_BIAS_paper/1000_note
> s/200_smcl_logs/04_merge/04a_pre_etime_id.smcl
  log type:  smcl
 opened on:   9 Dec 2024, 14:22:07

. 
. 
. 
. use "2000_data/300_cleaning/10_FE/FE_clean.dta", replace

. 
. 
. 
. display "string variables:"
string variables:

. 
. ds, has(type string) var(32)
fe_subject_name              fe_county_name
state                        fe_lat
fe_city                      fe_alleged_weapon
department_name              fe_aggressive_movement
fe_subject_race_imputations  fe_fleeing
fe_imputation_prob           st_dept

. 
. display ""


. 
. display "non-string variables:"
non-string variables:

. 
. ds, not(type string) var(32)
STN                   fe_subject_sex        fe_highest_force
STN_stories           fe_long               fe_armed
zip                   shooting_date         fe_subject_age_18_25
fe_id                 fe_subject_race       fe_subject_sex_flag
fe_subject_age        fe_subject_race_flag  STN_merge

. 
. 
. 
. * (NOTE: Now keeping STN + STN_stories, for alternate sig_event definition)

. 
. keep fe_id st_dept shooting_date fe_subject_race fe_highest_force fe_armed ST
> N STN_stories

. 
. 
. 
. * on multi-death dates, how many deaths are observed:

. 
. duplicates tag st_dept shooting_date, gen(temp_num_deaths_any)

Duplicates in terms of st_dept shooting_date

. 
. bysort st_dept shooting_date: egen num_deaths_any = count(temp_num_deaths_any
> )

. 
. drop temp_*

. 
. 
. 
. keep if inlist(fe_highest_force, 1, 5, 7)
(9,336 observations deleted)

. 
. keep if (shooting_date>=18628) & (shooting_date<=22280)
(11,332 observations deleted)

. 
. keep if fe_subject_race==2
(10,735 observations deleted)

. 
. keep if fe_armed==0
(2,576 observations deleted)

. 
. drop fe_highest_force fe_subject_race fe_armed

. 
. 
. 
. *on multi-focal-death dates, how many deaths are observed: 

. 
. duplicates tag st_dept shooting_date, gen(temp_num_deaths_focal)

Duplicates in terms of st_dept shooting_date

. 
. bysort st_dept shooting_date: egen num_deaths_focal = count(temp_num_deaths_f
> ocal)

. 
. drop temp_*

. 
. 
. 
. * renaming so that it matches with gtrend data: 

. 
. gen edate = shooting_date

. 
. format edate %td

. 
. 
. 
. * Dropping Unusable Events

. 
. * may not have been armed, but the other robbers were

. 
. drop if fe_id == 10634
(1 observation deleted)

. 
. * murder-suicide hostage situation

. 
. drop if fe_id == 10881 
(1 observation deleted)

. 
. * hostage execution

. 
. drop if fe_id == 26126
(1 observation deleted)

. 
. * shot-and-killed by bf, prompting officer to kill the bf 

. 
. drop if fe_id == 26621
(1 observation deleted)

. 
. * evidently a gun WAS found on the scene

. 
. drop if fe_id == 14028
(1 observation deleted)

. 
. * shot by someone else (not LEO)

. 
. drop if fe_id == 24794
(1 observation deleted)

. 
. * shot by own son, not police

. 
. drop if fe_id == 28135
(1 observation deleted)

. 
. * hostage execution 

. 
. drop if fe_id == 27252
(1 observation deleted)

. 
. 
. 
. * I was having an issue with treated observations being limited to +/-135 day
> s from an event

. 
. * here, I expand each unique fe_id obs (into 2*14*30, twice my largest bin si
> ze) 

. 
. * I think use tag to identify the first obs for each one, and "pin" the rest 
> to that date

. 
. * (this should increase my "event sample" by 840x)

. 
. expand (2*14*30)
(505,078 observations created)

. 
. egen temp_tag = tag(fe_id)

. 
. gen date = (edate-(14*30)) if (temp_tag==1)
(505,078 missing values generated)

. 
. gsort fe_id -temp_tag

. 
. by fe_id: replace date = date[_n-1]+1 if (date==.)
(505,078 real changes made)

. 
. format date %td

. 
. drop temp*

. 
. 
. 
. * Merging FE data with Google Trends data: 

. 
. merge 1:m fe_id date using "2000_data/400_base/30_gtrend/google_trends", noge
> n

    Result                           # of obs.
    -----------------------------------------
    not matched                       466,800
        from master                   466,800  
        from using                          0  

    matched                            38,880  
    -----------------------------------------

. 
. * (merged all from Google Trends, only un-merged are ones I know will not mat
> ch to SOPP)

. 
. 
. 
. *****************************************************************************
> ***

. 
. 
. 
. bysort fe_id: egen temp1 = max(STN)

. 
. bysort fe_id: egen temp2 = max(STN_stories)

. 
. replace STN = temp1
(0 real changes made)

. 
. replace STN_stories = temp2
(0 real changes made)

. 
. drop temp*

. 
. 
. 
. drop local_name_blank local_dept_blank

. 
. 
. 
. * 8/23/24: FE + SOPP fe_id matches

. 
. gen match_tag = 1 if inlist(fe_id, 9779, 9788, 9820, 9929, 10092, 10191, 1022
> 9, 10634, 10787, 10797, 10827, 10881, 11121, 11164, 11223, 11237, 11264, 1143
> 2, 11455, 11604, 11680, 11688, 12008, 12109, 12208, 12577, 12605, 12737, 1275
> 2, 12853, 13044, 13115, 13130, 13160, 13232, 13248, 13311, 13340, 13379, 1340
> 6, 13480, 13489, 13539, 13556, 13715, 13951, 14028, 14200, 14203, 14224, 1424
> 3, 14353, 14384, 14442, 14446, 14449, 14481, 14483, 14563, 14584, 14615, 1462
> 2, 14754, 14827, 14895, 14918, 14934, 15045, 15090, 15177, 15296, 15524, 1576
> 7, 15779, 15792, 15805, 15806, 15829, 15934, 16009, 16069, 16332, 16398, 1646
> 7, 16486, 17046, 17065, 17221, 17241, 17270, 17396, 17544, 17676, 17698, 1776
> 7, 17798, 17904, 17988, 18137, 18210, 18248, 18496, 18500, 19288, 21825, 2182
> 6, 21828, 21831, 21834, 21884, 22047, 22072, 22771, 23267, 23273, 23315, 2341
> 1, 23468, 23535, 23538, 23687, 23689, 23697, 23882, 24278, 24794, 24951, 2499
> 0, 25030, 25084, 25379, 25411, 25618, 25705, 25818, 25891, 26080, 26126, 2628
> 9, 26489, 26621, 27015, 27250, 27252, 27456, 27472, 27945, 28135, 28184, 2899
> 2, 29348, 29387)
(384,720 missing values generated)

. 
. 
. 
. * using above match-data to expand this GTrend scrutiny data (which is fe_id 
> invariant) to the full series of event-obs 

. 
. foreach scr in scr_nl_postm scr_nl_postp scr_nu_postm scr_nu_postp scr_dl_pos
> tm scr_dl_postp scr_du_postm scr_du_postp {
  2. 
. bysort fe_id: egen temp_max = max(`scr') if match_tag==1
  3. 
. replace `scr' = temp_max if `scr'==.
  4. 
. drop temp_*
  5. 
. }
(384,720 missing values generated)
(82,080 real changes made)
(384,720 missing values generated)
(82,080 real changes made)
(384,720 missing values generated)
(82,080 real changes made)
(384,720 missing values generated)
(82,080 real changes made)
(384,720 missing values generated)
(82,080 real changes made)
(384,720 missing values generated)
(82,080 real changes made)
(384,720 missing values generated)
(82,080 real changes made)
(384,720 missing values generated)
(82,080 real changes made)

. 
. 
. 
. display "string variables:"
string variables:

. 
. ds, has(type string) var(32)
st_dept

. 
. display ""


. 
. display "non-string variables:"
non-string variables:

. 
. ds, not(type string) var(32)
STN               num_deaths_focal  scr_nu_postm      scr_du_postp
STN_stories       edate             scr_nu_postp      match_tag
fe_id             date              scr_dl_postm
shooting_date     scr_nl_postm      scr_dl_postp
num_deaths_any    scr_nl_postp      scr_du_postm

. 
. 
. 
. save "2000_data/300_cleaning/10_FE/FEgtrend_pre_id.dta", replace
file 2000_data/300_cleaning/10_FE/FEgtrend_pre_id.dta saved

. 
. 
. 
. log close
      name:  <unnamed>
       log:  /bigdata/mbateslab/dford013/coding/02_TRAFFIC_BIAS_paper/1000_note
> s/200_smcl_logs/04_merge/04a_pre_etime_id.smcl
  log type:  smcl
 closed on:   9 Dec 2024, 14:22:12
-------------------------------------------------------------------------------

. 
. 