This is pdfTeX, Version 3.141592653-2.6-1.40.26 (MiKTeX 24.4) (preloaded format=pdflatex 2024.9.10)  2 JUL 2025 14:53
entering extended mode
 restricted \write18 enabled.
 %&-line parsing enabled.
**"C:/Users/david/coding/02_TRAFFIC_BIAS_paper/6000_LaTeX/Traffic Bias Paper.te
x"
(C:/Users/david/coding/02_TRAFFIC_BIAS_paper/6000_LaTeX/Traffic Bias Paper.tex
LaTeX2e <2024-06-01> patch level 2
L3 programming layer <2024-08-16>
(C:\Users\david\AppData\Local\Programs\MiKTeX\tex/latex/base\article.cls
Document Class: article 2024/02/08 v1.4n Standard LaTeX document class
(C:\Users\david\AppData\Local\Programs\MiKTeX\tex/latex/base\size12.clo
File: size12.clo 2024/02/08 v1.4n Standard LaTeX file (size option)
)
\c@part=\count194
\c@section=\count195
\c@subsection=\count196
\c@subsubsection=\count197
\c@paragraph=\count198
\c@subparagraph=\count199
\c@figure=\count266
\c@table=\count267
\abovecaptionskip=\skip49
\belowcaptionskip=\skip50
\bibindent=\dimen141
)
(C:\Users\david\AppData\Local\Programs\MiKTeX\tex/latex/pdfpages\pdfpages.sty
Package: pdfpages 2024/05/29 v0.6a Insert pages of external PDF documents (AM)

(C:\Users\david\AppData\Local\Programs\MiKTeX\tex/latex/base\ifthen.sty
Package: ifthen 2024/03/16 v1.1e Standard LaTeX ifthen package (DPC)
)
(C:\Users\david\AppData\Local\Programs\MiKTeX\tex/latex/tools\calc.sty
Package: calc 2023/07/08 v4.3 Infix arithmetic (KKT,FJ)
\calc@Acount=\count268
\calc@Bcount=\count269
\calc@Adimen=\dimen142
\calc@Bdimen=\dimen143
\calc@Askip=\skip51
\calc@Bskip=\skip52
LaTeX Info: Redefining \setlength on input line 80.
LaTeX Info: Redefining \addtolength on input line 81.
\calc@Ccount=\count270
\calc@Cskip=\skip53
)
(C:\Users\david\AppData\Local\Programs\MiKTeX\tex/latex/eso-pic\eso-pic.sty
Package: eso-pic 2023/05/03 v3.0c eso-pic (RN)
\ESO@tempdima=\dimen144
\ESO@tempdimb=\dimen145

(C:\Users\david\AppData\Local\Programs\MiKTeX\tex/latex/graphics\keyval.sty
Package: keyval 2022/05/29 v1.15 key=value parser (DPC)
\KV@toks@=\toks17
)
(C:\Users\david\AppData\Local\Programs\MiKTeX\tex/latex/xcolor\xcolor.sty
Package: xcolor 2023/11/15 v3.01 LaTeX color extensions (UK)

(C:\Users\david\AppData\Local\Programs\MiKTeX\tex/latex/graphics-cfg\color.cfg
File: color.cfg 2016/01/02 v1.6 sample color configuration
)
Package xcolor Info: Driver file: pdftex.def on input line 274.

(C:\Users\david\AppData\Local\Programs\MiKTeX\tex/latex/graphics-def\pdftex.def
File: pdftex.def 2024/04/13 v1.2c Graphics/color driver for pdftex
)
(C:\Users\david\AppData\Local\Programs\MiKTeX\tex/latex/graphics\mathcolor.ltx)
Package xcolor Info: Model `cmy' substituted by `cmy0' on input line 1350.
Package xcolor Info: Model `hsb' substituted by `rgb' on input line 1354.
Package xcolor Info: Model `RGB' extended on input line 1366.
Package xcolor Info: Model `HTML' substituted by `rgb' on input line 1368.
Package xcolor Info: Model `Hsb' substituted by `hsb' on input line 1369.
Package xcolor Info: Model `tHsb' substituted by `hsb' on input line 1370.
Package xcolor Info: Model `HSB' substituted by `hsb' on input line 1371.
Package xcolor Info: Model `Gray' substituted by `gray' on input line 1372.
Package xcolor Info: Model `wave' substituted by `hsb' on input line 1373.
))
(C:\Users\david\AppData\Local\Programs\MiKTeX\tex/latex/graphics\graphicx.sty
Package: graphicx 2021/09/16 v1.2d Enhanced LaTeX Graphics (DPC,SPQR)

(C:\Users\david\AppData\Local\Programs\MiKTeX\tex/latex/graphics\graphics.sty
Package: graphics 2024/05/23 v1.4g Standard LaTeX Graphics (DPC,SPQR)

(C:\Users\david\AppData\Local\Programs\MiKTeX\tex/latex/graphics\trig.sty
Package: trig 2023/12/02 v1.11 sin cos tan (DPC)
)
(C:\Users\david\AppData\Local\Programs\MiKTeX\tex/latex/graphics-cfg\graphics.c
fg
File: graphics.cfg 2016/06/04 v1.11 sample graphics configuration
)
Package graphics Info: Driver file: pdftex.def on input line 106.
)
\Gin@req@height=\dimen146
\Gin@req@width=\dimen147
)
\AM@pagewidth=\dimen148
\AM@pageheight=\dimen149
\AM@fboxrule=\dimen150

(C:\Users\david\AppData\Local\Programs\MiKTeX\tex/latex/pdfpages\pppdftex.def
File: pppdftex.def 2024/05/29 v0.6a Pdfpages driver for pdfTeX (AM)
)
\pdfpages@includegraphics@status=\count271
\AM@pagebox=\box52
\AM@global@opts=\toks18
\AM@pagecnt=\count272
\AM@toc@title=\toks19
\AM@lof@heading=\toks20
\c@AM@survey=\count273
\AM@templatesizebox=\box53
) (C:\Users\david\AppData\Local\Programs\MiKTeX\tex/latex/tools\indentfirst.sty
Package: indentfirst 2023/07/02 v1.03 Indent first paragraph (DPC)
) (C:\Users\david\AppData\Local\Programs\MiKTeX\tex/latex/amsmath\amsmath.sty
Package: amsmath 2024/05/23 v2.17q AMS math features
\@mathmargin=\skip54

For additional information on amsmath, use the `?' option.
(C:\Users\david\AppData\Local\Programs\MiKTeX\tex/latex/amsmath\amstext.sty
Package: amstext 2021/08/26 v2.01 AMS text

(C:\Users\david\AppData\Local\Programs\MiKTeX\tex/latex/amsmath\amsgen.sty
File: amsgen.sty 1999/11/30 v2.0 generic functions
\@emptytoks=\toks21
\ex@=\dimen151
))
(C:\Users\david\AppData\Local\Programs\MiKTeX\tex/latex/amsmath\amsbsy.sty
Package: amsbsy 1999/11/29 v1.2d Bold Symbols
\pmbraise@=\dimen152
)
(C:\Users\david\AppData\Local\Programs\MiKTeX\tex/latex/amsmath\amsopn.sty
Package: amsopn 2022/04/08 v2.04 operator names
)
\inf@bad=\count274
LaTeX Info: Redefining \frac on input line 233.
\uproot@=\count275
\leftroot@=\count276
LaTeX Info: Redefining \overline on input line 398.
LaTeX Info: Redefining \colon on input line 409.
\classnum@=\count277
\DOTSCASE@=\count278
LaTeX Info: Redefining \ldots on input line 495.
LaTeX Info: Redefining \dots on input line 498.
LaTeX Info: Redefining \cdots on input line 619.
\Mathstrutbox@=\box54
\strutbox@=\box55
LaTeX Info: Redefining \big on input line 721.
LaTeX Info: Redefining \Big on input line 722.
LaTeX Info: Redefining \bigg on input line 723.
LaTeX Info: Redefining \Bigg on input line 724.
\big@size=\dimen153
LaTeX Font Info:    Redeclaring font encoding OML on input line 742.
LaTeX Font Info:    Redeclaring font encoding OMS on input line 743.
\macc@depth=\count279
LaTeX Info: Redefining \bmod on input line 904.
LaTeX Info: Redefining \pmod on input line 909.
LaTeX Info: Redefining \smash on input line 939.
LaTeX Info: Redefining \relbar on input line 969.
LaTeX Info: Redefining \Relbar on input line 970.
\c@MaxMatrixCols=\count280
\dotsspace@=\muskip17
\c@parentequation=\count281
\dspbrk@lvl=\count282
\tag@help=\toks22
\row@=\count283
\column@=\count284
\maxfields@=\count285
\andhelp@=\toks23
\eqnshift@=\dimen154
\alignsep@=\dimen155
\tagshift@=\dimen156
\tagwidth@=\dimen157
\totwidth@=\dimen158
\lineht@=\dimen159
\@envbody=\toks24
\multlinegap=\skip55
\multlinetaggap=\skip56
\mathdisplay@stack=\toks25
LaTeX Info: Redefining \[ on input line 2953.
LaTeX Info: Redefining \] on input line 2954.
)
(C:\Users\david\AppData\Local\Programs\MiKTeX\tex/latex/epstopdf-pkg\epstopdf.s
ty
Package: epstopdf 2020-01-24 v2.11 Conversion with epstopdf on the fly (HO)

(C:\Users\david\AppData\Local\Programs\MiKTeX\tex/generic/infwarerr\infwarerr.s
ty
Package: infwarerr 2019/12/03 v1.5 Providing info/warning/error messages (HO)
) (C:\Users\david\AppData\Local\Programs\MiKTeX\tex/latex/grfext\grfext.sty
Package: grfext 2019/12/03 v1.3 Manage graphics extensions (HO)

(C:\Users\david\AppData\Local\Programs\MiKTeX\tex/generic/kvdefinekeys\kvdefine
keys.sty
Package: kvdefinekeys 2019-12-19 v1.6 Define keys (HO)
))
(C:\Users\david\AppData\Local\Programs\MiKTeX\tex/latex/kvoptions\kvoptions.sty
Package: kvoptions 2022-06-15 v3.15 Key value format for package options (HO)
(C:\Users\david\AppData\Local\Programs\MiKTeX\tex/generic/ltxcmds\ltxcmds.sty
Package: ltxcmds 2023-12-04 v1.26 LaTeX kernel commands for general use (HO)
)
(C:\Users\david\AppData\Local\Programs\MiKTeX\tex/latex/kvsetkeys\kvsetkeys.sty
Package: kvsetkeys 2022-10-05 v1.19 Key value parser (HO)
))
(C:\Users\david\AppData\Local\Programs\MiKTeX\tex/generic/pdftexcmds\pdftexcmds
.sty
Package: pdftexcmds 2020-06-27 v0.33 Utility functions of pdfTeX for LuaTeX (HO
)
 (C:\Users\david\AppData\Local\Programs\MiKTeX\tex/generic/iftex\iftex.sty
Package: iftex 2022/02/03 v1.0f TeX engine tests
)
Package pdftexcmds Info: \pdf@primitive is available.
Package pdftexcmds Info: \pdf@ifprimitive is available.
Package pdftexcmds Info: \pdfdraftmode found.
)
(C:\Users\david\AppData\Local\Programs\MiKTeX\tex/latex/epstopdf-pkg\epstopdf-b
ase.sty
Package: epstopdf-base 2020-01-24 v2.11 Base part for package epstopdf
Package epstopdf-base Info: Redefining graphics rule for `.eps' on input line 4
85.
Package grfext Info: Graphics extension search list:
(grfext)             [.pdf,.png,.jpg,.mps,.jpeg,.jbig2,.jb2,.PDF,.PNG,.JPG,.JPE
G,.JBIG2,.JB2,.eps]
(grfext)             \AppendGraphicsExtensions on input line 504.

(C:\Users\david\AppData\Local\Programs\MiKTeX\tex/latex/00miktex\epstopdf-sys.c
fg
File: epstopdf-sys.cfg 2021/03/18 v2.0 Configuration of epstopdf for MiKTeX
))) (C:\Users\david\AppData\Local\Programs\MiKTeX\tex/latex/url\url.sty
\Urlmuskip=\muskip18
Package: url 2013/09/16  ver 3.4  Verb mode for urls, etc.
)
(C:\Users\david\AppData\Local\Programs\MiKTeX\tex/latex/pgf/frontendlayer\tikz.
sty
(C:\Users\david\AppData\Local\Programs\MiKTeX\tex/latex/pgf/basiclayer\pgf.sty
(C:\Users\david\AppData\Local\Programs\MiKTeX\tex/latex/pgf/utilities\pgfrcs.st
y
(C:\Users\david\AppData\Local\Programs\MiKTeX\tex/generic/pgf/utilities\pgfutil
-common.tex
\pgfutil@everybye=\toks26
\pgfutil@tempdima=\dimen160
\pgfutil@tempdimb=\dimen161
)
(C:\Users\david\AppData\Local\Programs\MiKTeX\tex/generic/pgf/utilities\pgfutil
-latex.def
\pgfutil@abb=\box56
)
(C:\Users\david\AppData\Local\Programs\MiKTeX\tex/generic/pgf/utilities\pgfrcs.
code.tex
(C:\Users\david\AppData\Local\Programs\MiKTeX\tex/generic/pgf\pgf.revision.tex)
Package: pgfrcs 2023-01-15 v3.1.10 (3.1.10)
))
Package: pgf 2023-01-15 v3.1.10 (3.1.10)

(C:\Users\david\AppData\Local\Programs\MiKTeX\tex/latex/pgf/basiclayer\pgfcore.
sty
(C:\Users\david\AppData\Local\Programs\MiKTeX\tex/latex/pgf/systemlayer\pgfsys.
sty
(C:\Users\david\AppData\Local\Programs\MiKTeX\tex/generic/pgf/systemlayer\pgfsy
s.code.tex
Package: pgfsys 2023-01-15 v3.1.10 (3.1.10)

(C:\Users\david\AppData\Local\Programs\MiKTeX\tex/generic/pgf/utilities\pgfkeys
.code.tex
\pgfkeys@pathtoks=\toks27
\pgfkeys@temptoks=\toks28

(C:\Users\david\AppData\Local\Programs\MiKTeX\tex/generic/pgf/utilities\pgfkeys
libraryfiltered.code.tex
\pgfkeys@tmptoks=\toks29
))
\pgf@x=\dimen162
\pgf@y=\dimen163
\pgf@xa=\dimen164
\pgf@ya=\dimen165
\pgf@xb=\dimen166
\pgf@yb=\dimen167
\pgf@xc=\dimen168
\pgf@yc=\dimen169
\pgf@xd=\dimen170
\pgf@yd=\dimen171
\w@pgf@writea=\write3
\r@pgf@reada=\read2
\c@pgf@counta=\count286
\c@pgf@countb=\count287
\c@pgf@countc=\count288
\c@pgf@countd=\count289
\t@pgf@toka=\toks30
\t@pgf@tokb=\toks31
\t@pgf@tokc=\toks32
\pgf@sys@id@count=\count290

(C:\Users\david\AppData\Local\Programs\MiKTeX\tex/generic/pgf/systemlayer\pgf.c
fg
File: pgf.cfg 2023-01-15 v3.1.10 (3.1.10)
)
Driver file for pgf: pgfsys-pdftex.def

(C:\Users\david\AppData\Local\Programs\MiKTeX\tex/generic/pgf/systemlayer\pgfsy
s-pdftex.def
File: pgfsys-pdftex.def 2023-01-15 v3.1.10 (3.1.10)

(C:\Users\david\AppData\Local\Programs\MiKTeX\tex/generic/pgf/systemlayer\pgfsy
s-common-pdf.def
File: pgfsys-common-pdf.def 2023-01-15 v3.1.10 (3.1.10)
)))
(C:\Users\david\AppData\Local\Programs\MiKTeX\tex/generic/pgf/systemlayer\pgfsy
ssoftpath.code.tex
File: pgfsyssoftpath.code.tex 2023-01-15 v3.1.10 (3.1.10)
\pgfsyssoftpath@smallbuffer@items=\count291
\pgfsyssoftpath@bigbuffer@items=\count292
)
(C:\Users\david\AppData\Local\Programs\MiKTeX\tex/generic/pgf/systemlayer\pgfsy
sprotocol.code.tex
File: pgfsysprotocol.code.tex 2023-01-15 v3.1.10 (3.1.10)
))
(C:\Users\david\AppData\Local\Programs\MiKTeX\tex/generic/pgf/basiclayer\pgfcor
e.code.tex
Package: pgfcore 2023-01-15 v3.1.10 (3.1.10)

(C:\Users\david\AppData\Local\Programs\MiKTeX\tex/generic/pgf/math\pgfmath.code
.tex
(C:\Users\david\AppData\Local\Programs\MiKTeX\tex/generic/pgf/math\pgfmathutil.
code.tex)
(C:\Users\david\AppData\Local\Programs\MiKTeX\tex/generic/pgf/math\pgfmathparse
r.code.tex
\pgfmath@dimen=\dimen172
\pgfmath@count=\count293
\pgfmath@box=\box57
\pgfmath@toks=\toks33
\pgfmath@stack@operand=\toks34
\pgfmath@stack@operation=\toks35
)
(C:\Users\david\AppData\Local\Programs\MiKTeX\tex/generic/pgf/math\pgfmathfunct
ions.code.tex)
(C:\Users\david\AppData\Local\Programs\MiKTeX\tex/generic/pgf/math\pgfmathfunct
ions.basic.code.tex)
(C:\Users\david\AppData\Local\Programs\MiKTeX\tex/generic/pgf/math\pgfmathfunct
ions.trigonometric.code.tex)
(C:\Users\david\AppData\Local\Programs\MiKTeX\tex/generic/pgf/math\pgfmathfunct
ions.random.code.tex)
(C:\Users\david\AppData\Local\Programs\MiKTeX\tex/generic/pgf/math\pgfmathfunct
ions.comparison.code.tex)
(C:\Users\david\AppData\Local\Programs\MiKTeX\tex/generic/pgf/math\pgfmathfunct
ions.base.code.tex)
(C:\Users\david\AppData\Local\Programs\MiKTeX\tex/generic/pgf/math\pgfmathfunct
ions.round.code.tex)
(C:\Users\david\AppData\Local\Programs\MiKTeX\tex/generic/pgf/math\pgfmathfunct
ions.misc.code.tex)
(C:\Users\david\AppData\Local\Programs\MiKTeX\tex/generic/pgf/math\pgfmathfunct
ions.integerarithmetics.code.tex)
(C:\Users\david\AppData\Local\Programs\MiKTeX\tex/generic/pgf/math\pgfmathcalc.
code.tex)
(C:\Users\david\AppData\Local\Programs\MiKTeX\tex/generic/pgf/math\pgfmathfloat
.code.tex
\c@pgfmathroundto@lastzeros=\count294
))
(C:\Users\david\AppData\Local\Programs\MiKTeX\tex/generic/pgf/math\pgfint.code.
tex)
(C:\Users\david\AppData\Local\Programs\MiKTeX\tex/generic/pgf/basiclayer\pgfcor
epoints.code.tex
File: pgfcorepoints.code.tex 2023-01-15 v3.1.10 (3.1.10)
\pgf@picminx=\dimen173
\pgf@picmaxx=\dimen174
\pgf@picminy=\dimen175
\pgf@picmaxy=\dimen176
\pgf@pathminx=\dimen177
\pgf@pathmaxx=\dimen178
\pgf@pathminy=\dimen179
\pgf@pathmaxy=\dimen180
\pgf@xx=\dimen181
\pgf@xy=\dimen182
\pgf@yx=\dimen183
\pgf@yy=\dimen184
\pgf@zx=\dimen185
\pgf@zy=\dimen186
)
(C:\Users\david\AppData\Local\Programs\MiKTeX\tex/generic/pgf/basiclayer\pgfcor
epathconstruct.code.tex
File: pgfcorepathconstruct.code.tex 2023-01-15 v3.1.10 (3.1.10)
\pgf@path@lastx=\dimen187
\pgf@path@lasty=\dimen188
)
(C:\Users\david\AppData\Local\Programs\MiKTeX\tex/generic/pgf/basiclayer\pgfcor
epathusage.code.tex
File: pgfcorepathusage.code.tex 2023-01-15 v3.1.10 (3.1.10)
\pgf@shorten@end@additional=\dimen189
\pgf@shorten@start@additional=\dimen190
)
(C:\Users\david\AppData\Local\Programs\MiKTeX\tex/generic/pgf/basiclayer\pgfcor
escopes.code.tex
File: pgfcorescopes.code.tex 2023-01-15 v3.1.10 (3.1.10)
\pgfpic=\box58
\pgf@hbox=\box59
\pgf@layerbox@main=\box60
\pgf@picture@serial@count=\count295
)
(C:\Users\david\AppData\Local\Programs\MiKTeX\tex/generic/pgf/basiclayer\pgfcor
egraphicstate.code.tex
File: pgfcoregraphicstate.code.tex 2023-01-15 v3.1.10 (3.1.10)
\pgflinewidth=\dimen191
)
(C:\Users\david\AppData\Local\Programs\MiKTeX\tex/generic/pgf/basiclayer\pgfcor
etransformations.code.tex
File: pgfcoretransformations.code.tex 2023-01-15 v3.1.10 (3.1.10)
\pgf@pt@x=\dimen192
\pgf@pt@y=\dimen193
\pgf@pt@temp=\dimen194
)
(C:\Users\david\AppData\Local\Programs\MiKTeX\tex/generic/pgf/basiclayer\pgfcor
equick.code.tex
File: pgfcorequick.code.tex 2023-01-15 v3.1.10 (3.1.10)
)
(C:\Users\david\AppData\Local\Programs\MiKTeX\tex/generic/pgf/basiclayer\pgfcor
eobjects.code.tex
File: pgfcoreobjects.code.tex 2023-01-15 v3.1.10 (3.1.10)
)
(C:\Users\david\AppData\Local\Programs\MiKTeX\tex/generic/pgf/basiclayer\pgfcor
epathprocessing.code.tex
File: pgfcorepathprocessing.code.tex 2023-01-15 v3.1.10 (3.1.10)
)
(C:\Users\david\AppData\Local\Programs\MiKTeX\tex/generic/pgf/basiclayer\pgfcor
earrows.code.tex
File: pgfcorearrows.code.tex 2023-01-15 v3.1.10 (3.1.10)
\pgfarrowsep=\dimen195
)
(C:\Users\david\AppData\Local\Programs\MiKTeX\tex/generic/pgf/basiclayer\pgfcor
eshade.code.tex
File: pgfcoreshade.code.tex 2023-01-15 v3.1.10 (3.1.10)
\pgf@max=\dimen196
\pgf@sys@shading@range@num=\count296
\pgf@shadingcount=\count297
)
(C:\Users\david\AppData\Local\Programs\MiKTeX\tex/generic/pgf/basiclayer\pgfcor
eimage.code.tex
File: pgfcoreimage.code.tex 2023-01-15 v3.1.10 (3.1.10)
)
(C:\Users\david\AppData\Local\Programs\MiKTeX\tex/generic/pgf/basiclayer\pgfcor
eexternal.code.tex
File: pgfcoreexternal.code.tex 2023-01-15 v3.1.10 (3.1.10)
\pgfexternal@startupbox=\box61
)
(C:\Users\david\AppData\Local\Programs\MiKTeX\tex/generic/pgf/basiclayer\pgfcor
elayers.code.tex
File: pgfcorelayers.code.tex 2023-01-15 v3.1.10 (3.1.10)
)
(C:\Users\david\AppData\Local\Programs\MiKTeX\tex/generic/pgf/basiclayer\pgfcor
etransparency.code.tex
File: pgfcoretransparency.code.tex 2023-01-15 v3.1.10 (3.1.10)
)
(C:\Users\david\AppData\Local\Programs\MiKTeX\tex/generic/pgf/basiclayer\pgfcor
epatterns.code.tex
File: pgfcorepatterns.code.tex 2023-01-15 v3.1.10 (3.1.10)
)
(C:\Users\david\AppData\Local\Programs\MiKTeX\tex/generic/pgf/basiclayer\pgfcor
erdf.code.tex
File: pgfcorerdf.code.tex 2023-01-15 v3.1.10 (3.1.10)
)))
(C:\Users\david\AppData\Local\Programs\MiKTeX\tex/generic/pgf/modules\pgfmodule
shapes.code.tex
File: pgfmoduleshapes.code.tex 2023-01-15 v3.1.10 (3.1.10)
\pgfnodeparttextbox=\box62
)
(C:\Users\david\AppData\Local\Programs\MiKTeX\tex/generic/pgf/modules\pgfmodule
plot.code.tex
File: pgfmoduleplot.code.tex 2023-01-15 v3.1.10 (3.1.10)
)
(C:\Users\david\AppData\Local\Programs\MiKTeX\tex/latex/pgf/compatibility\pgfco
mp-version-0-65.sty
Package: pgfcomp-version-0-65 2023-01-15 v3.1.10 (3.1.10)
\pgf@nodesepstart=\dimen197
\pgf@nodesepend=\dimen198
)
(C:\Users\david\AppData\Local\Programs\MiKTeX\tex/latex/pgf/compatibility\pgfco
mp-version-1-18.sty
Package: pgfcomp-version-1-18 2023-01-15 v3.1.10 (3.1.10)
))
(C:\Users\david\AppData\Local\Programs\MiKTeX\tex/latex/pgf/utilities\pgffor.st
y
(C:\Users\david\AppData\Local\Programs\MiKTeX\tex/latex/pgf/utilities\pgfkeys.s
ty
(C:\Users\david\AppData\Local\Programs\MiKTeX\tex/generic/pgf/utilities\pgfkeys
.code.tex))
(C:\Users\david\AppData\Local\Programs\MiKTeX\tex/latex/pgf/math\pgfmath.sty
(C:\Users\david\AppData\Local\Programs\MiKTeX\tex/generic/pgf/math\pgfmath.code
.tex))
(C:\Users\david\AppData\Local\Programs\MiKTeX\tex/generic/pgf/utilities\pgffor.
code.tex
Package: pgffor 2023-01-15 v3.1.10 (3.1.10)
\pgffor@iter=\dimen199
\pgffor@skip=\dimen256
\pgffor@stack=\toks36
\pgffor@toks=\toks37
))
(C:\Users\david\AppData\Local\Programs\MiKTeX\tex/generic/pgf/frontendlayer/tik
z\tikz.code.tex
Package: tikz 2023-01-15 v3.1.10 (3.1.10)

(C:\Users\david\AppData\Local\Programs\MiKTeX\tex/generic/pgf/libraries\pgflibr
aryplothandlers.code.tex
File: pgflibraryplothandlers.code.tex 2023-01-15 v3.1.10 (3.1.10)
\pgf@plot@mark@count=\count298
\pgfplotmarksize=\dimen257
)
\tikz@lastx=\dimen258
\tikz@lasty=\dimen259
\tikz@lastxsaved=\dimen260
\tikz@lastysaved=\dimen261
\tikz@lastmovetox=\dimen262
\tikz@lastmovetoy=\dimen263
\tikzleveldistance=\dimen264
\tikzsiblingdistance=\dimen265
\tikz@figbox=\box63
\tikz@figbox@bg=\box64
\tikz@tempbox=\box65
\tikz@tempbox@bg=\box66
\tikztreelevel=\count299
\tikznumberofchildren=\count300
\tikznumberofcurrentchild=\count301
\tikz@fig@count=\count302

(C:\Users\david\AppData\Local\Programs\MiKTeX\tex/generic/pgf/modules\pgfmodule
matrix.code.tex
File: pgfmodulematrix.code.tex 2023-01-15 v3.1.10 (3.1.10)
\pgfmatrixcurrentrow=\count303
\pgfmatrixcurrentcolumn=\count304
\pgf@matrix@numberofcolumns=\count305
)
\tikz@expandcount=\count306

(C:\Users\david\AppData\Local\Programs\MiKTeX\tex/generic/pgf/frontendlayer/tik
z/libraries\tikzlibrarytopaths.code.tex
File: tikzlibrarytopaths.code.tex 2023-01-15 v3.1.10 (3.1.10)
)))
(C:\Users\david\AppData\Local\Programs\MiKTeX\tex/latex/hyperref\hyperref.sty
Package: hyperref 2024-07-10 v7.01j Hypertext links for LaTeX

(C:\Users\david\AppData\Local\Programs\MiKTeX\tex/generic/pdfescape\pdfescape.s
ty
Package: pdfescape 2019/12/09 v1.15 Implements pdfTeX's escape features (HO)
) (C:\Users\david\AppData\Local\Programs\MiKTeX\tex/latex/hycolor\hycolor.sty
Package: hycolor 2020-01-27 v1.10 Color options for hyperref/bookmark (HO)
) (C:\Users\david\AppData\Local\Programs\MiKTeX\tex/latex/hyperref\nameref.sty
Package: nameref 2023-11-26 v2.56 Cross-referencing by name of section

(C:\Users\david\AppData\Local\Programs\MiKTeX\tex/latex/refcount\refcount.sty
Package: refcount 2019/12/15 v3.6 Data extraction from label references (HO)
)
(C:\Users\david\AppData\Local\Programs\MiKTeX\tex/generic/gettitlestring\gettit
lestring.sty
Package: gettitlestring 2019/12/15 v1.6 Cleanup title references (HO)
)
\c@section@level=\count307
)
(C:\Users\david\AppData\Local\Programs\MiKTeX\tex/latex/etoolbox\etoolbox.sty
Package: etoolbox 2020/10/05 v2.5k e-TeX tools for LaTeX (JAW)
\etb@tempcnta=\count308
)
(C:\Users\david\AppData\Local\Programs\MiKTeX\tex/generic/stringenc\stringenc.s
ty
Package: stringenc 2019/11/29 v1.12 Convert strings between diff. encodings (HO
)
)
\@linkdim=\dimen266
\Hy@linkcounter=\count309
\Hy@pagecounter=\count310
 (C:\Users\david\AppData\Local\Programs\MiKTeX\tex/latex/hyperref\pd1enc.def
File: pd1enc.def 2024-07-10 v7.01j Hyperref: PDFDocEncoding definition (HO)
Now handling font encoding PD1 ...
... no UTF-8 mapping file for font encoding PD1
) (C:\Users\david\AppData\Local\Programs\MiKTeX\tex/generic/intcalc\intcalc.sty
Package: intcalc 2019/12/15 v1.3 Expandable calculations with integers (HO)
)
\Hy@SavedSpaceFactor=\count311
 (C:\Users\david\AppData\Local\Programs\MiKTeX\tex/latex/hyperref\puenc.def
File: puenc.def 2024-07-10 v7.01j Hyperref: PDF Unicode definition (HO)
Now handling font encoding PU ...
... no UTF-8 mapping file for font encoding PU
)
Package hyperref Info: Hyper figures OFF on input line 4157.
Package hyperref Info: Link nesting OFF on input line 4162.
Package hyperref Info: Hyper index ON on input line 4165.
Package hyperref Info: Plain pages OFF on input line 4172.
Package hyperref Info: Backreferencing OFF on input line 4177.
Package hyperref Info: Implicit mode ON; LaTeX internals redefined.
Package hyperref Info: Bookmarks ON on input line 4424.
\c@Hy@tempcnt=\count312
LaTeX Info: Redefining \url on input line 4763.
\XeTeXLinkMargin=\dimen267

(C:\Users\david\AppData\Local\Programs\MiKTeX\tex/generic/bitset\bitset.sty
Package: bitset 2019/12/09 v1.3 Handle bit-vector datatype (HO)

(C:\Users\david\AppData\Local\Programs\MiKTeX\tex/generic/bigintcalc\bigintcalc
.sty
Package: bigintcalc 2019/12/15 v1.5 Expandable calculations on big integers (HO
)
))
\Fld@menulength=\count313
\Field@Width=\dimen268
\Fld@charsize=\dimen269
Package hyperref Info: Hyper figures OFF on input line 6042.
Package hyperref Info: Link nesting OFF on input line 6047.
Package hyperref Info: Hyper index ON on input line 6050.
Package hyperref Info: backreferencing OFF on input line 6057.
Package hyperref Info: Link coloring OFF on input line 6062.
Package hyperref Info: Link coloring with OCG OFF on input line 6067.
Package hyperref Info: PDF/A mode OFF on input line 6072.

(C:\Users\david\AppData\Local\Programs\MiKTeX\tex/latex/base\atbegshi-ltx.sty
Package: atbegshi-ltx 2021/01/10 v1.0c Emulation of the original atbegshi
package with kernel methods
)
\Hy@abspage=\count314
\c@Item=\count315
\c@Hfootnote=\count316
)
Package hyperref Info: Driver (autodetected): hpdftex.
(C:\Users\david\AppData\Local\Programs\MiKTeX\tex/latex/hyperref\hpdftex.def
File: hpdftex.def 2024-07-10 v7.01j Hyperref driver for pdfTeX

(C:\Users\david\AppData\Local\Programs\MiKTeX\tex/latex/base\atveryend-ltx.sty
Package: atveryend-ltx 2020/08/19 v1.0a Emulation of the original atveryend pac
kage
with kernel methods
)
\Fld@listcount=\count317
\c@bookmark@seq@number=\count318

(C:\Users\david\AppData\Local\Programs\MiKTeX\tex/latex/rerunfilecheck\rerunfil
echeck.sty
Package: rerunfilecheck 2022-07-10 v1.10 Rerun checks for auxiliary files (HO)

(C:\Users\david\AppData\Local\Programs\MiKTeX\tex/generic/uniquecounter\uniquec
ounter.sty
Package: uniquecounter 2019/12/15 v1.4 Provide unlimited unique counter (HO)
)
Package uniquecounter Info: New unique counter `rerunfilecheck' on input line 2
85.
)
\Hy@SectionHShift=\skip57
)
(C:\Users\david\AppData\Local\Programs\MiKTeX\tex/latex/float\float.sty
Package: float 2001/11/08 v1.3d Float enhancements (AL)
\c@float@type=\count319
\float@exts=\toks38
\float@box=\box67
\@float@everytoks=\toks39
\@floatcapt=\box68
)
(C:\Users\david\AppData\Local\Programs\MiKTeX\tex/latex/multirow\multirow.sty
Package: multirow 2024/11/12 v2.9 Span multiple rows of a table
\multirow@colwidth=\skip58
\multirow@cntb=\count320
\multirow@dima=\skip59
\bigstrutjot=\dimen270
)
(C:\Users\david\AppData\Local\Programs\MiKTeX\tex/latex/l3backend\l3backend-pdf
tex.def
File: l3backend-pdftex.def 2024-05-08 L3 backend support: PDF output (pdfTeX)
\l__color_backend_stack_int=\count321
\l__pdf_internal_box=\box69
)
No file "Traffic Bias Paper".aux.
\openout1 = `"Traffic Bias Paper.aux"'.

LaTeX Font Info:    Checking defaults for OML/cmm/m/it on input line 14.
LaTeX Font Info:    ... okay on input line 14.
LaTeX Font Info:    Checking defaults for OMS/cmsy/m/n on input line 14.
LaTeX Font Info:    ... okay on input line 14.
LaTeX Font Info:    Checking defaults for OT1/cmr/m/n on input line 14.
LaTeX Font Info:    ... okay on input line 14.
LaTeX Font Info:    Checking defaults for T1/cmr/m/n on input line 14.
LaTeX Font Info:    ... okay on input line 14.
LaTeX Font Info:    Checking defaults for TS1/cmr/m/n on input line 14.
LaTeX Font Info:    ... okay on input line 14.
LaTeX Font Info:    Checking defaults for OMX/cmex/m/n on input line 14.
LaTeX Font Info:    ... okay on input line 14.
LaTeX Font Info:    Checking defaults for U/cmr/m/n on input line 14.
LaTeX Font Info:    ... okay on input line 14.
LaTeX Font Info:    Checking defaults for PD1/pdf/m/n on input line 14.
LaTeX Font Info:    ... okay on input line 14.
LaTeX Font Info:    Checking defaults for PU/pdf/m/n on input line 14.
LaTeX Font Info:    ... okay on input line 14.

(C:\Users\david\AppData\Local\Programs\MiKTeX\tex/context/base/mkii\supp-pdf.mk
ii
[Loading MPS to PDF converter (version 2006.09.02).]
\scratchcounter=\count322
\scratchdimen=\dimen271
\scratchbox=\box70
\nofMPsegments=\count323
\nofMParguments=\count324
\everyMPshowfont=\toks40
\MPscratchCnt=\count325
\MPscratchDim=\dimen272
\MPnumerator=\count326
\makeMPintoPDFobject=\count327
\everyMPtoPDFconversion=\toks41
)
(C:\Users\david\AppData\Local\Programs\MiKTeX\tex/latex/pdflscape\pdflscape.sty
Package: pdflscape 2022-10-27 v0.13 Display of landscape pages in PDF

(C:\Users\david\AppData\Local\Programs\MiKTeX\tex/latex/pdflscape\pdflscape-nom
etadata.sty
Package: pdflscape-nometadata 2022-10-28 v0.13 Display of landscape pages in PD
F (HO)

(C:\Users\david\AppData\Local\Programs\MiKTeX\tex/latex/graphics\lscape.sty
Package: lscape 2020/05/28 v3.02 Landscape Pages (DPC)
)
Package pdflscape Info: Auto-detected driver: pdftex on input line 81.
))
Package hyperref Info: Link coloring OFF on input line 14.
\@outlinefile=\write4
\openout4 = `"Traffic Bias Paper.out"'.


Underfull \hbox (badness 10000) in paragraph at lines 23--24

 []


Overfull \hbox (2.76814pt too wide) in paragraph at lines 32--33
[]\OT1/cmr/m/n/12 In re-cent years, con-cerns and dis-cus-sions sur-round-ing d
is-crim-i-na-tory treat-
 []


Underfull \hbox (badness 10000) in paragraph at lines 41--42

 []


Underfull \hbox (badness 10000) in paragraph at lines 43--44

 []



[1

{C:/Users/david/AppData/Local/MiKTeX/fonts/map/pdftex/pdftex.map}]
Underfull \hbox (badness 10000) in paragraph at lines 45--46

 []


Underfull \hbox (badness 10000) in paragraph at lines 47--48

 []


Underfull \hbox (badness 10000) in paragraph at lines 49--50

 []


Underfull \hbox (badness 10000) in paragraph at lines 51--52

 []



[2]
Underfull \hbox (badness 10000) in paragraph at lines 53--54

 []


Underfull \hbox (badness 10000) in paragraph at lines 65--66

 []


Underfull \hbox (badness 10000) in paragraph at lines 68--69

 []



[3]
Underfull \hbox (badness 10000) in paragraph at lines 71--72

 []


Underfull \hbox (badness 10000) in paragraph at lines 74--75

 []


Underfull \hbox (badness 10000) in paragraph at lines 77--78

 []



[4]
Underfull \hbox (badness 10000) in paragraph at lines 80--81

 []


Underfull \hbox (badness 10000) in paragraph at lines 93--94

 []


Underfull \hbox (badness 10000) in paragraph at lines 95--96

 []



[5]
Underfull \hbox (badness 10000) in paragraph at lines 97--98

 []


Underfull \hbox (badness 10000) in paragraph at lines 99--100

 []


Underfull \hbox (badness 10000) in paragraph at lines 101--102

 []


Underfull \hbox (badness 10000) in paragraph at lines 103--104

 []



[6]
Underfull \hbox (badness 10000) in paragraph at lines 114--115

 []


Underfull \hbox (badness 10000) in paragraph at lines 119--120

 []

Package epstopdf Info: Source file: <stop_data_map.eps>
(epstopdf)                    date: 2024-09-10 20:26:33
(epstopdf)                    size: 16174999 bytes
(epstopdf)             Output file: <stop_data_map-eps-converted-to.pdf>
(epstopdf)             Command: <miktex-epstopdf --outfile=stop_data_map-eps-co
nverted-to.pdf stop_data_map.eps>
(epstopdf)             \includegraphics on input line 123.
runsystem(miktex-epstopdf --outfile=stop_data_map-eps-converted-to.pdf stop_dat
a_map.eps)...executed safely (allowed).

Package epstopdf Info: Result file: <stop_data_map-eps-converted-to.pdf>
(epstopdf)                    date: 2025-07-02 14:53:34
(epstopdf)                    size: 2438738 bytes.
<stop_data_map-eps-converted-to.pdf, id=44, 673.51625pt x 290.08376pt>
File: stop_data_map-eps-converted-to.pdf Graphic file (type pdf)
<use stop_data_map-eps-converted-to.pdf>
Package pdftex.def Info: stop_data_map-eps-converted-to.pdf  used on input line
 123.
(pdftex.def)             Requested size: 433.62pt x 186.76396pt.

Overfull \hbox (43.62pt too wide) in paragraph at lines 123--124
 [] 
 []


Underfull \hbox (badness 10000) in paragraph at lines 129--130

 []


Underfull \hbox (badness 10000) in paragraph at lines 131--132

 []


Underfull \hbox (badness 10000) in paragraph at lines 133--134

 []



[7]

[8
pdfTeX warning (ext4): destination with the same identifier (name{figure.1}) ha
s been already used, duplicate ignored
<argument> ...shipout:D \box_use:N \l_shipout_box 
                                                  \__shipout_drop_firstpage_...
l.134 
       <./stop_data_map-eps-converted-to.pdf>]
Underfull \hbox (badness 10000) in paragraph at lines 135--136

 []


Underfull \hbox (badness 10000) in paragraph at lines 143--144

 []


Underfull \hbox (badness 10000) in paragraph at lines 145--146

 []



[9]
Underfull \hbox (badness 10000) in paragraph at lines 147--148

 []


(C:/Users/david/coding/02_TRAFFIC_BIAS_paper/6000_LaTeX\descriptive_statistics.
tex

LaTeX Warning: `!h' float specifier changed to `!ht'.

)
Underfull \hbox (badness 10000) in paragraph at lines 159--160

 []



[10]
Underfull \hbox (badness 10000) in paragraph at lines 170--171

 []


Underfull \hbox (badness 10000) in paragraph at lines 211--212

 []



[11
pdfTeX warning (ext4): destination with the same identifier (name{table.1}) has
 been already used, duplicate ignored
<argument> ...shipout:D \box_use:N \l_shipout_box 
                                                  \__shipout_drop_firstpage_...
l.212 
      ]
Underfull \hbox (badness 10000) in paragraph at lines 213--214

 []


Underfull \hbox (badness 10000) in paragraph at lines 215--216

 []


Underfull \hbox (badness 10000) in paragraph at lines 225--226

 []



[12
pdfTeX warning (ext4): destination with the same identifier (name{figure.2}) ha
s been already used, duplicate ignored
<argument> ...shipout:D \box_use:N \l_shipout_box 
                                                  \__shipout_drop_firstpage_...
l.226 
      ]
Underfull \hbox (badness 10000) in paragraph at lines 227--228

 []


Underfull \hbox (badness 10000) in paragraph at lines 229--230

 []


Underfull \hbox (badness 10000) in paragraph at lines 240--241

 []


Underfull \hbox (badness 10000) in paragraph at lines 242--243

 []


(C:/Users/david/coding/02_TRAFFIC_BIAS_paper/6000_LaTeX\DiD_rates_main_wbal_ndn
m2.tex
Overfull \hbox (3.45013pt too wide) in paragraph at lines 4--27
 [][] 
 []

)
Package epstopdf Info: Source file: <1_bstop_share_main_wbal_ndnm.eps>
(epstopdf)                    date: 2025-06-26 18:55:57
(epstopdf)                    size: 52919 bytes
(epstopdf)             Output file: <1_bstop_share_main_wbal_ndnm-eps-converted
-to.pdf>
(epstopdf)             Command: <miktex-epstopdf --outfile=1_bstop_share_main_w
bal_ndnm-eps-converted-to.pdf 1_bstop_share_main_wbal_ndnm.eps>
(epstopdf)             \includegraphics on input line 252.
runsystem(miktex-epstopdf --outfile=1_bstop_share_main_wbal_ndnm-eps-converted-
to.pdf 1_bstop_share_main_wbal_ndnm.eps)...executed safely (allowed).

Package epstopdf Info: Result file: <1_bstop_share_main_wbal_ndnm-eps-converted
-to.pdf>
(epstopdf)                    date: 2025-07-02 14:53:34
(epstopdf)                    size: 17045 bytes.
<1_bstop_share_main_wbal_ndnm-eps-converted-to.pdf, id=89, 722.7pt x 325.215pt>

File: 1_bstop_share_main_wbal_ndnm-eps-converted-to.pdf Graphic file (type pdf)

<use 1_bstop_share_main_wbal_ndnm-eps-converted-to.pdf>
Package pdftex.def Info: 1_bstop_share_main_wbal_ndnm-eps-converted-to.pdf  use
d on input line 252.
(pdftex.def)             Requested size: 397.48499pt x 178.86879pt.

Overfull \hbox (7.48499pt too wide) in paragraph at lines 252--253
 [] 
 []



[13]
Package epstopdf Info: Source file: <2_bsearch_share_main_wbal_ndnm.eps>
(epstopdf)                    date: 2025-06-26 18:55:59
(epstopdf)                    size: 49709 bytes
(epstopdf)             Output file: <2_bsearch_share_main_wbal_ndnm-eps-convert
ed-to.pdf>
(epstopdf)             Command: <miktex-epstopdf --outfile=2_bsearch_share_main
_wbal_ndnm-eps-converted-to.pdf 2_bsearch_share_main_wbal_ndnm.eps>
(epstopdf)             \includegraphics on input line 260.
runsystem(miktex-epstopdf --outfile=2_bsearch_share_main_wbal_ndnm-eps-converte
d-to.pdf 2_bsearch_share_main_wbal_ndnm.eps)...executed safely (allowed).

Package epstopdf Info: Result file: <2_bsearch_share_main_wbal_ndnm-eps-convert
ed-to.pdf>
(epstopdf)                    date: 2025-07-02 14:53:35
(epstopdf)                    size: 16638 bytes.
<2_bsearch_share_main_wbal_ndnm-eps-converted-to.pdf, id=97, 722.7pt x 325.215p
t>
File: 2_bsearch_share_main_wbal_ndnm-eps-converted-to.pdf Graphic file (type pd
f)
<use 2_bsearch_share_main_wbal_ndnm-eps-converted-to.pdf>
Package pdftex.def Info: 2_bsearch_share_main_wbal_ndnm-eps-converted-to.pdf  u
sed on input line 260.
(pdftex.def)             Requested size: 397.48499pt x 178.86879pt.

Overfull \hbox (7.48499pt too wide) in paragraph at lines 260--261
 [] 
 []



[14
pdfTeX warning (ext4): destination with the same identifier (name{table.2}) has
 been already used, duplicate ignored
<argument> ...shipout:D \box_use:N \l_shipout_box 
                                                  \__shipout_drop_firstpage_...
l.265 
      
pdfTeX warning (ext4): destination with the same identifier (name{figure.3}) ha
s been already used, duplicate ignored
<argument> ...shipout:D \box_use:N \l_shipout_box 
                                                  \__shipout_drop_firstpage_...
l.265 
       <./1_bstop_share_main_wbal_ndnm-eps-converted-to.pdf>]
Package epstopdf Info: Source file: <3_bhit_share_main_wbal_ndnm.eps>
(epstopdf)                    date: 2025-06-26 18:56:01
(epstopdf)                    size: 52755 bytes
(epstopdf)             Output file: <3_bhit_share_main_wbal_ndnm-eps-converted-
to.pdf>
(epstopdf)             Command: <miktex-epstopdf --outfile=3_bhit_share_main_wb
al_ndnm-eps-converted-to.pdf 3_bhit_share_main_wbal_ndnm.eps>
(epstopdf)             \includegraphics on input line 268.
runsystem(miktex-epstopdf --outfile=3_bhit_share_main_wbal_ndnm-eps-converted-t
o.pdf 3_bhit_share_main_wbal_ndnm.eps)...executed safely (allowed).

Package epstopdf Info: Result file: <3_bhit_share_main_wbal_ndnm-eps-converted-
to.pdf>
(epstopdf)                    date: 2025-07-02 14:53:36
(epstopdf)                    size: 17051 bytes.
<3_bhit_share_main_wbal_ndnm-eps-converted-to.pdf, id=112, 722.7pt x 325.215pt>

File: 3_bhit_share_main_wbal_ndnm-eps-converted-to.pdf Graphic file (type pdf)
<use 3_bhit_share_main_wbal_ndnm-eps-converted-to.pdf>
Package pdftex.def Info: 3_bhit_share_main_wbal_ndnm-eps-converted-to.pdf  used
 on input line 268.
(pdftex.def)             Requested size: 397.48499pt x 178.86879pt.

Overfull \hbox (7.48499pt too wide) in paragraph at lines 268--269
 [] 
 []

Package epstopdf Info: Source file: <4_bsearch_rate_main_wbal_ndnm.eps>
(epstopdf)                    date: 2025-06-26 18:56:03
(epstopdf)                    size: 49698 bytes
(epstopdf)             Output file: <4_bsearch_rate_main_wbal_ndnm-eps-converte
d-to.pdf>
(epstopdf)             Command: <miktex-epstopdf --outfile=4_bsearch_rate_main_
wbal_ndnm-eps-converted-to.pdf 4_bsearch_rate_main_wbal_ndnm.eps>
(epstopdf)             \includegraphics on input line 276.
runsystem(miktex-epstopdf --outfile=4_bsearch_rate_main_wbal_ndnm-eps-converted
-to.pdf 4_bsearch_rate_main_wbal_ndnm.eps)...executed safely (allowed).

Package epstopdf Info: Result file: <4_bsearch_rate_main_wbal_ndnm-eps-converte
d-to.pdf>
(epstopdf)                    date: 2025-07-02 14:53:36
(epstopdf)                    size: 16611 bytes.
<4_bsearch_rate_main_wbal_ndnm-eps-converted-to.pdf, id=113, 722.7pt x 325.215p
t>
File: 4_bsearch_rate_main_wbal_ndnm-eps-converted-to.pdf Graphic file (type pdf
)
<use 4_bsearch_rate_main_wbal_ndnm-eps-converted-to.pdf>
Package pdftex.def Info: 4_bsearch_rate_main_wbal_ndnm-eps-converted-to.pdf  us
ed on input line 276.
(pdftex.def)             Requested size: 397.48499pt x 178.86879pt.

Overfull \hbox (7.48499pt too wide) in paragraph at lines 276--277
 [] 
 []



[15
pdfTeX warning (ext4): destination with the same identifier (name{figure.4}) ha
s been already used, duplicate ignored
<argument> ...shipout:D \box_use:N \l_shipout_box 
                                                  \__shipout_drop_firstpage_...
l.281 
      
pdfTeX warning (ext4): destination with the same identifier (name{figure.5}) ha
s been already used, duplicate ignored
<argument> ...shipout:D \box_use:N \l_shipout_box 
                                                  \__shipout_drop_firstpage_...
l.281 
       <./2_bsearch_share_main_wbal_ndnm-eps-converted-to.pdf> <./3_bhit_share_
main_wbal_ndnm-eps-converted-to.pdf>]
Package epstopdf Info: Source file: <5_bhit_rate_main_wbal_ndnm.eps>
(epstopdf)                    date: 2025-06-26 18:56:06
(epstopdf)                    size: 55989 bytes
(epstopdf)             Output file: <5_bhit_rate_main_wbal_ndnm-eps-converted-t
o.pdf>
(epstopdf)             Command: <miktex-epstopdf --outfile=5_bhit_rate_main_wba
l_ndnm-eps-converted-to.pdf 5_bhit_rate_main_wbal_ndnm.eps>
(epstopdf)             \includegraphics on input line 284.
runsystem(miktex-epstopdf --outfile=5_bhit_rate_main_wbal_ndnm-eps-converted-to
.pdf 5_bhit_rate_main_wbal_ndnm.eps)...executed safely (allowed).

Package epstopdf Info: Result file: <5_bhit_rate_main_wbal_ndnm-eps-converted-t
o.pdf>
(epstopdf)                    date: 2025-07-02 14:53:37
(epstopdf)                    size: 17587 bytes.
<5_bhit_rate_main_wbal_ndnm-eps-converted-to.pdf, id=132, 722.7pt x 325.215pt>
File: 5_bhit_rate_main_wbal_ndnm-eps-converted-to.pdf Graphic file (type pdf)
<use 5_bhit_rate_main_wbal_ndnm-eps-converted-to.pdf>
Package pdftex.def Info: 5_bhit_rate_main_wbal_ndnm-eps-converted-to.pdf  used 
on input line 284.
(pdftex.def)             Requested size: 397.48499pt x 178.86879pt.

Overfull \hbox (7.48499pt too wide) in paragraph at lines 284--285
 [] 
 []

Package epstopdf Info: Source file: <6_bhit_bstop_ratio_main_wbal_ndnm.eps>
(epstopdf)                    date: 2025-06-26 18:56:08
(epstopdf)                    size: 49312 bytes
(epstopdf)             Output file: <6_bhit_bstop_ratio_main_wbal_ndnm-eps-conv
erted-to.pdf>
(epstopdf)             Command: <miktex-epstopdf --outfile=6_bhit_bstop_ratio_m
ain_wbal_ndnm-eps-converted-to.pdf 6_bhit_bstop_ratio_main_wbal_ndnm.eps>
(epstopdf)             \includegraphics on input line 292.
runsystem(miktex-epstopdf --outfile=6_bhit_bstop_ratio_main_wbal_ndnm-eps-conve
rted-to.pdf 6_bhit_bstop_ratio_main_wbal_ndnm.eps)...executed safely (allowed).

Package epstopdf Info: Result file: <6_bhit_bstop_ratio_main_wbal_ndnm-eps-conv
erted-to.pdf>
(epstopdf)                    date: 2025-07-02 14:53:38
(epstopdf)                    size: 16473 bytes.
<6_bhit_bstop_ratio_main_wbal_ndnm-eps-converted-to.pdf, id=133, 722.7pt x 325.
215pt>
File: 6_bhit_bstop_ratio_main_wbal_ndnm-eps-converted-to.pdf Graphic file (type
 pdf)
<use 6_bhit_bstop_ratio_main_wbal_ndnm-eps-converted-to.pdf>
Package pdftex.def Info: 6_bhit_bstop_ratio_main_wbal_ndnm-eps-converted-to.pdf
  used on input line 292.
(pdftex.def)             Requested size: 397.48499pt x 178.86879pt.

Overfull \hbox (7.48499pt too wide) in paragraph at lines 292--293
 [] 
 []



[16
pdfTeX warning (ext4): destination with the same identifier (name{figure.6}) ha
s been already used, duplicate ignored
<argument> ...shipout:D \box_use:N \l_shipout_box 
                                                  \__shipout_drop_firstpage_...
l.297 
      
pdfTeX warning (ext4): destination with the same identifier (name{figure.7}) ha
s been already used, duplicate ignored
<argument> ...shipout:D \box_use:N \l_shipout_box 
                                                  \__shipout_drop_firstpage_...
l.297 
       <./4_bsearch_rate_main_wbal_ndnm-eps-converted-to.pdf> <./5_bhit_rate_ma
in_wbal_ndnm-eps-converted-to.pdf>]
Underfull \hbox (badness 10000) in paragraph at lines 298--299

 []


(C:/Users/david/coding/02_TRAFFIC_BIAS_paper/6000_LaTeX\DiD_volumes_main_wbal_n
dnm2.tex
Overfull \hbox (40.968pt too wide) in paragraph at lines 4--26
 [][] 
 []

)
Package epstopdf Info: Source file: <7_n_stops_main_wbal_ndnm.eps>
(epstopdf)                    date: 2025-06-26 18:56:10
(epstopdf)                    size: 52431 bytes
(epstopdf)             Output file: <7_n_stops_main_wbal_ndnm-eps-converted-to.
pdf>
(epstopdf)             Command: <miktex-epstopdf --outfile=7_n_stops_main_wbal_
ndnm-eps-converted-to.pdf 7_n_stops_main_wbal_ndnm.eps>
(epstopdf)             \includegraphics on input line 308.
runsystem(miktex-epstopdf --outfile=7_n_stops_main_wbal_ndnm-eps-converted-to.p
df 7_n_stops_main_wbal_ndnm.eps)...executed safely (allowed).

Package epstopdf Info: Result file: <7_n_stops_main_wbal_ndnm-eps-converted-to.
pdf>
(epstopdf)                    date: 2025-07-02 14:53:38
(epstopdf)                    size: 16943 bytes.
<7_n_stops_main_wbal_ndnm-eps-converted-to.pdf, id=152, 722.7pt x 325.215pt>
File: 7_n_stops_main_wbal_ndnm-eps-converted-to.pdf Graphic file (type pdf)
<use 7_n_stops_main_wbal_ndnm-eps-converted-to.pdf>
Package pdftex.def Info: 7_n_stops_main_wbal_ndnm-eps-converted-to.pdf  used on
 input line 308.
(pdftex.def)             Requested size: 397.48499pt x 178.86879pt.

Overfull \hbox (7.48499pt too wide) in paragraph at lines 308--309
 [] 
 []



[17
pdfTeX warning (ext4): destination with the same identifier (name{figure.8}) ha
s been already used, duplicate ignored
<argument> ...shipout:D \box_use:N \l_shipout_box 
                                                  \__shipout_drop_firstpage_...
l.313 
      
pdfTeX warning (ext4): destination with the same identifier (name{table.3}) has
 been already used, duplicate ignored
<argument> ...shipout:D \box_use:N \l_shipout_box 
                                                  \__shipout_drop_firstpage_...
l.313 
       <./6_bhit_bstop_ratio_main_wbal_ndnm-eps-converted-to.pdf>]
Package epstopdf Info: Source file: <8_n_bstops_main_wbal_ndnm.eps>
(epstopdf)                    date: 2025-06-26 18:56:12
(epstopdf)                    size: 46598 bytes
(epstopdf)             Output file: <8_n_bstops_main_wbal_ndnm-eps-converted-to
.pdf>
(epstopdf)             Command: <miktex-epstopdf --outfile=8_n_bstops_main_wbal
_ndnm-eps-converted-to.pdf 8_n_bstops_main_wbal_ndnm.eps>
(epstopdf)             \includegraphics on input line 316.
runsystem(miktex-epstopdf --outfile=8_n_bstops_main_wbal_ndnm-eps-converted-to.
pdf 8_n_bstops_main_wbal_ndnm.eps)...executed safely (allowed).

Package epstopdf Info: Result file: <8_n_bstops_main_wbal_ndnm-eps-converted-to
.pdf>
(epstopdf)                    date: 2025-07-02 14:53:39
(epstopdf)                    size: 16164 bytes.
<8_n_bstops_main_wbal_ndnm-eps-converted-to.pdf, id=165, 722.7pt x 325.215pt>
File: 8_n_bstops_main_wbal_ndnm-eps-converted-to.pdf Graphic file (type pdf)
<use 8_n_bstops_main_wbal_ndnm-eps-converted-to.pdf>
Package pdftex.def Info: 8_n_bstops_main_wbal_ndnm-eps-converted-to.pdf  used o
n input line 316.
(pdftex.def)             Requested size: 397.48499pt x 178.86879pt.

Overfull \hbox (7.48499pt too wide) in paragraph at lines 316--317
 [] 
 []

Package epstopdf Info: Source file: <9_n_searches_main_wbal_ndnm.eps>
(epstopdf)                    date: 2025-06-26 18:56:13
(epstopdf)                    size: 46901 bytes
(epstopdf)             Output file: <9_n_searches_main_wbal_ndnm-eps-converted-
to.pdf>
(epstopdf)             Command: <miktex-epstopdf --outfile=9_n_searches_main_wb
al_ndnm-eps-converted-to.pdf 9_n_searches_main_wbal_ndnm.eps>
(epstopdf)             \includegraphics on input line 324.
runsystem(miktex-epstopdf --outfile=9_n_searches_main_wbal_ndnm-eps-converted-t
o.pdf 9_n_searches_main_wbal_ndnm.eps)...executed safely (allowed).

Package epstopdf Info: Result file: <9_n_searches_main_wbal_ndnm-eps-converted-
to.pdf>
(epstopdf)                    date: 2025-07-02 14:53:40
(epstopdf)                    size: 16279 bytes.
<9_n_searches_main_wbal_ndnm-eps-converted-to.pdf, id=166, 722.7pt x 325.215pt>

File: 9_n_searches_main_wbal_ndnm-eps-converted-to.pdf Graphic file (type pdf)
<use 9_n_searches_main_wbal_ndnm-eps-converted-to.pdf>
Package pdftex.def Info: 9_n_searches_main_wbal_ndnm-eps-converted-to.pdf  used
 on input line 324.
(pdftex.def)             Requested size: 397.48499pt x 178.86879pt.

Overfull \hbox (7.48499pt too wide) in paragraph at lines 324--325
 [] 
 []



[18
pdfTeX warning (ext4): destination with the same identifier (name{figure.9}) ha
s been already used, duplicate ignored
<argument> ...shipout:D \box_use:N \l_shipout_box 
                                                  \__shipout_drop_firstpage_...
l.329 
      
pdfTeX warning (ext4): destination with the same identifier (name{figure.10}) h
as been already used, duplicate ignored
<argument> ...shipout:D \box_use:N \l_shipout_box 
                                                  \__shipout_drop_firstpage_...
l.329 
       <./7_n_stops_main_wbal_ndnm-eps-converted-to.pdf> <./8_n_bstops_main_wba
l_ndnm-eps-converted-to.pdf>]
Package epstopdf Info: Source file: <10_n_bsearches_main_wbal_ndnm.eps>
(epstopdf)                    date: 2025-06-26 18:56:15
(epstopdf)                    size: 51406 bytes
(epstopdf)             Output file: <10_n_bsearches_main_wbal_ndnm-eps-converte
d-to.pdf>
(epstopdf)             Command: <miktex-epstopdf --outfile=10_n_bsearches_main_
wbal_ndnm-eps-converted-to.pdf 10_n_bsearches_main_wbal_ndnm.eps>
(epstopdf)             \includegraphics on input line 332.
runsystem(miktex-epstopdf --outfile=10_n_bsearches_main_wbal_ndnm-eps-converted
-to.pdf 10_n_bsearches_main_wbal_ndnm.eps)...executed safely (allowed).

Package epstopdf Info: Result file: <10_n_bsearches_main_wbal_ndnm-eps-converte
d-to.pdf>
(epstopdf)                    date: 2025-07-02 14:53:40
(epstopdf)                    size: 16683 bytes.
<10_n_bsearches_main_wbal_ndnm-eps-converted-to.pdf, id=185, 722.7pt x 325.215p
t>
File: 10_n_bsearches_main_wbal_ndnm-eps-converted-to.pdf Graphic file (type pdf
)
<use 10_n_bsearches_main_wbal_ndnm-eps-converted-to.pdf>
Package pdftex.def Info: 10_n_bsearches_main_wbal_ndnm-eps-converted-to.pdf  us
ed on input line 332.
(pdftex.def)             Requested size: 397.48499pt x 178.86879pt.

Overfull \hbox (7.48499pt too wide) in paragraph at lines 332--333
 [] 
 []

Package epstopdf Info: Source file: <11_n_hits_main_wbal_ndnm.eps>
(epstopdf)                    date: 2025-06-26 18:56:17
(epstopdf)                    size: 53213 bytes
(epstopdf)             Output file: <11_n_hits_main_wbal_ndnm-eps-converted-to.
pdf>
(epstopdf)             Command: <miktex-epstopdf --outfile=11_n_hits_main_wbal_
ndnm-eps-converted-to.pdf 11_n_hits_main_wbal_ndnm.eps>
(epstopdf)             \includegraphics on input line 340.
runsystem(miktex-epstopdf --outfile=11_n_hits_main_wbal_ndnm-eps-converted-to.p
df 11_n_hits_main_wbal_ndnm.eps)...executed safely (allowed).

Package epstopdf Info: Result file: <11_n_hits_main_wbal_ndnm-eps-converted-to.
pdf>
(epstopdf)                    date: 2025-07-02 14:53:41
(epstopdf)                    size: 17162 bytes.
<11_n_hits_main_wbal_ndnm-eps-converted-to.pdf, id=186, 722.7pt x 325.215pt>
File: 11_n_hits_main_wbal_ndnm-eps-converted-to.pdf Graphic file (type pdf)
<use 11_n_hits_main_wbal_ndnm-eps-converted-to.pdf>
Package pdftex.def Info: 11_n_hits_main_wbal_ndnm-eps-converted-to.pdf  used on
 input line 340.
(pdftex.def)             Requested size: 397.48499pt x 178.86879pt.

Overfull \hbox (7.48499pt too wide) in paragraph at lines 340--341
 [] 
 []



[19
pdfTeX warning (ext4): destination with the same identifier (name{figure.11}) h
as been already used, duplicate ignored
<argument> ...shipout:D \box_use:N \l_shipout_box 
                                                  \__shipout_drop_firstpage_...
l.345 
      
pdfTeX warning (ext4): destination with the same identifier (name{figure.12}) h
as been already used, duplicate ignored
<argument> ...shipout:D \box_use:N \l_shipout_box 
                                                  \__shipout_drop_firstpage_...
l.345 
       <./9_n_searches_main_wbal_ndnm-eps-converted-to.pdf> <./10_n_bsearches_m
ain_wbal_ndnm-eps-converted-to.pdf>]
Package epstopdf Info: Source file: <12_n_bhits_main_wbal_ndnm.eps>
(epstopdf)                    date: 2025-06-26 18:56:19
(epstopdf)                    size: 51405 bytes
(epstopdf)             Output file: <12_n_bhits_main_wbal_ndnm-eps-converted-to
.pdf>
(epstopdf)             Command: <miktex-epstopdf --outfile=12_n_bhits_main_wbal
_ndnm-eps-converted-to.pdf 12_n_bhits_main_wbal_ndnm.eps>
(epstopdf)             \includegraphics on input line 348.
runsystem(miktex-epstopdf --outfile=12_n_bhits_main_wbal_ndnm-eps-converted-to.
pdf 12_n_bhits_main_wbal_ndnm.eps)...executed safely (allowed).

Package epstopdf Info: Result file: <12_n_bhits_main_wbal_ndnm-eps-converted-to
.pdf>
(epstopdf)                    date: 2025-07-02 14:53:41
(epstopdf)                    size: 16674 bytes.
<12_n_bhits_main_wbal_ndnm-eps-converted-to.pdf, id=206, 722.7pt x 325.215pt>
File: 12_n_bhits_main_wbal_ndnm-eps-converted-to.pdf Graphic file (type pdf)
<use 12_n_bhits_main_wbal_ndnm-eps-converted-to.pdf>
Package pdftex.def Info: 12_n_bhits_main_wbal_ndnm-eps-converted-to.pdf  used o
n input line 348.
(pdftex.def)             Requested size: 397.48499pt x 178.86879pt.

Overfull \hbox (7.48499pt too wide) in paragraph at lines 348--349
 [] 
 []


Underfull \hbox (badness 10000) in paragraph at lines 361--362

 []



[20
pdfTeX warning (ext4): destination with the same identifier (name{figure.13}) h
as been already used, duplicate ignored
<argument> ...shipout:D \box_use:N \l_shipout_box 
                                                  \__shipout_drop_firstpage_...
l.362 
      
pdfTeX warning (ext4): destination with the same identifier (name{figure.14}) h
as been already used, duplicate ignored
<argument> ...shipout:D \box_use:N \l_shipout_box 
                                                  \__shipout_drop_firstpage_...
l.362 
       <./11_n_hits_main_wbal_ndnm-eps-converted-to.pdf> <./12_n_bhits_main_wba
l_ndnm-eps-converted-to.pdf>]
Underfull \hbox (badness 10000) in paragraph at lines 363--364

 []


Underfull \hbox (badness 10000) in paragraph at lines 365--366

 []


Underfull \hbox (badness 10000) in paragraph at lines 367--368

 []


Underfull \hbox (badness 10000) in paragraph at lines 369--370

 []


Underfull \hbox (badness 10000) in paragraph at lines 371--372

 []



[21]
Underfull \hbox (badness 10000) in paragraph at lines 373--374

 []


Underfull \hbox (badness 10000) in paragraph at lines 375--376

 []


Underfull \hbox (badness 10000) in paragraph at lines 377--378

 []


Overfull \hbox (4.53479pt too wide) in paragraph at lines 379--380
[]\OT1/cmr/m/n/12 These re-sults re-main largely un-changed across my ro-bust-n
ess checks where,
 []


Underfull \hbox (badness 10000) in paragraph at lines 379--380

 []


Underfull \hbox (badness 10000) in paragraph at lines 381--382

 []



[22]
Underfull \hbox (badness 10000) in paragraph at lines 390--391

 []


Underfull \hbox (badness 10000) in paragraph at lines 392--393

 []


Underfull \hbox (badness 10000) in paragraph at lines 394--395

 []


Underfull \hbox (badness 10000) in paragraph at lines 396--397

 []


Underfull \hbox (badness 10000) in paragraph at lines 398--399

 []


Underfull \hbox (badness 10000) in paragraph at lines 400--401

 []


Underfull \hbox (badness 10000) in paragraph at lines 402--403

 []


Underfull \hbox (badness 10000) in paragraph at lines 404--405

 []



[23]
Underfull \hbox (badness 10000) in paragraph at lines 406--407

 []


Underfull \hbox (badness 10000) in paragraph at lines 408--409

 []


Underfull \hbox (badness 10000) in paragraph at lines 410--411

 []


Overfull \hbox (20.61893pt too wide) in paragraph at lines 412--413
\OT1/cmr/m/n/12 so-ci-a-tion, 101(475), 878{887. []$\OT1/cmtt/m/n/12 https : / 
/ doi . org / 10 . 1198 / 016214506000000168$[] 
 []


Underfull \hbox (badness 10000) in paragraph at lines 412--413

 []


Underfull \hbox (badness 10000) in paragraph at lines 414--415

 []


Underfull \hbox (badness 10000) in paragraph at lines 416--417

 []


Underfull \hbox (badness 10000) in paragraph at lines 418--419

 []


Underfull \hbox (badness 10000) in paragraph at lines 420--421

 []


Underfull \hbox (badness 10000) in paragraph at lines 422--423

 []



[24]
Underfull \hbox (badness 10000) in paragraph at lines 424--425

 []


Underfull \hbox (badness 10000) in paragraph at lines 426--427

 []


Underfull \hbox (badness 10000) in paragraph at lines 428--429

 []


Underfull \hbox (badness 10000) in paragraph at lines 430--431

 []


Underfull \hbox (badness 10000) in paragraph at lines 432--433

 []


Underfull \hbox (badness 10000) in paragraph at lines 434--435

 []


Underfull \hbox (badness 10000) in paragraph at lines 436--437

 []


Underfull \hbox (badness 10000) in paragraph at lines 438--439

 []


Underfull \hbox (badness 10000) in paragraph at lines 440--441

 []


Underfull \hbox (badness 10000) in paragraph at lines 442--443

 []



[25]
Underfull \hbox (badness 10000) in paragraph at lines 451--452

 []


(C:/Users/david/coding/02_TRAFFIC_BIAS_paper/6000_LaTeX\DiD_rates_main_wbal_dTm
1_ndnm2.tex
Overfull \hbox (3.45013pt too wide) in paragraph at lines 4--27
 [][] 
 []

)
Package epstopdf Info: Source file: <1_bstop_share_main_wbal_dTm1_ndnm.eps>
(epstopdf)                    date: 2025-06-26 18:56:59
(epstopdf)                    size: 52698 bytes
(epstopdf)             Output file: <1_bstop_share_main_wbal_dTm1_ndnm-eps-conv
erted-to.pdf>
(epstopdf)             Command: <miktex-epstopdf --outfile=1_bstop_share_main_w
bal_dTm1_ndnm-eps-converted-to.pdf 1_bstop_share_main_wbal_dTm1_ndnm.eps>
(epstopdf)             \includegraphics on input line 461.
runsystem(miktex-epstopdf --outfile=1_bstop_share_main_wbal_dTm1_ndnm-eps-conve
rted-to.pdf 1_bstop_share_main_wbal_dTm1_ndnm.eps)...executed safely (allowed).

Package epstopdf Info: Result file: <1_bstop_share_main_wbal_dTm1_ndnm-eps-conv
erted-to.pdf>
(epstopdf)                    date: 2025-07-02 14:53:42
(epstopdf)                    size: 16633 bytes.
<1_bstop_share_main_wbal_dTm1_ndnm-eps-converted-to.pdf, id=294, 722.7pt x 325.
215pt>
File: 1_bstop_share_main_wbal_dTm1_ndnm-eps-converted-to.pdf Graphic file (type
 pdf)
<use 1_bstop_share_main_wbal_dTm1_ndnm-eps-converted-to.pdf>
Package pdftex.def Info: 1_bstop_share_main_wbal_dTm1_ndnm-eps-converted-to.pdf
  used on input line 461.
(pdftex.def)             Requested size: 397.48499pt x 178.86879pt.

Overfull \hbox (7.48499pt too wide) in paragraph at lines 461--462
 [] 
 []



[26
pdfTeX warning (ext4): destination with the same identifier (name{table.4}) has
 been already used, duplicate ignored
<argument> ...shipout:D \box_use:N \l_shipout_box 
                                                  \__shipout_drop_firstpage_...
l.466 
      ]
Package epstopdf Info: Source file: <2_bsearch_share_main_wbal_dTm1_ndnm.eps>
(epstopdf)                    date: 2025-06-26 18:57:01
(epstopdf)                    size: 49474 bytes
(epstopdf)             Output file: <2_bsearch_share_main_wbal_dTm1_ndnm-eps-co
nverted-to.pdf>
(epstopdf)             Command: <miktex-epstopdf --outfile=2_bsearch_share_main
_wbal_dTm1_ndnm-eps-converted-to.pdf 2_bsearch_share_main_wbal_dTm1_ndnm.eps>
(epstopdf)             \includegraphics on input line 469.
runsystem(miktex-epstopdf --outfile=2_bsearch_share_main_wbal_dTm1_ndnm-eps-con
verted-to.pdf 2_bsearch_share_main_wbal_dTm1_ndnm.eps)...executed safely (allow
ed).

Package epstopdf Info: Result file: <2_bsearch_share_main_wbal_dTm1_ndnm-eps-co
nverted-to.pdf>
(epstopdf)                    date: 2025-07-02 14:53:43
(epstopdf)                    size: 16175 bytes.
<2_bsearch_share_main_wbal_dTm1_ndnm-eps-converted-to.pdf, id=301, 722.7pt x 32
5.215pt>
File: 2_bsearch_share_main_wbal_dTm1_ndnm-eps-converted-to.pdf Graphic file (ty
pe pdf)
<use 2_bsearch_share_main_wbal_dTm1_ndnm-eps-converted-to.pdf>
Package pdftex.def Info: 2_bsearch_share_main_wbal_dTm1_ndnm-eps-converted-to.p
df  used on input line 469.
(pdftex.def)             Requested size: 397.48499pt x 178.86879pt.

Overfull \hbox (7.48499pt too wide) in paragraph at lines 469--470
 [] 
 []

Package epstopdf Info: Source file: <3_bhit_share_main_wbal_dTm1_ndnm.eps>
(epstopdf)                    date: 2025-06-26 18:57:02
(epstopdf)                    size: 55736 bytes
(epstopdf)             Output file: <3_bhit_share_main_wbal_dTm1_ndnm-eps-conve
rted-to.pdf>
(epstopdf)             Command: <miktex-epstopdf --outfile=3_bhit_share_main_wb
al_dTm1_ndnm-eps-converted-to.pdf 3_bhit_share_main_wbal_dTm1_ndnm.eps>
(epstopdf)             \includegraphics on input line 477.
runsystem(miktex-epstopdf --outfile=3_bhit_share_main_wbal_dTm1_ndnm-eps-conver
ted-to.pdf 3_bhit_share_main_wbal_dTm1_ndnm.eps)...executed safely (allowed).

Package epstopdf Info: Result file: <3_bhit_share_main_wbal_dTm1_ndnm-eps-conve
rted-to.pdf>
(epstopdf)                    date: 2025-07-02 14:53:44
(epstopdf)                    size: 10875 bytes.

!pdfTeX error: pdflatex (file ./3_bhit_share_main_wbal_dTm1_ndnm-eps-converted-
to.pdf): xpdf: reading PDF image failed
 ==> Fatal error occurred, no output PDF file produced!
